[2014-08-28 08:38:02]    convert:True

[2014-08-28 08:38:02]    已经删除了上传的临时文件doc和pdf

[2014-08-28 08:38:03]    System.NullReferenceException: 未将对象引用设置到对象的实例。
   在 WHC.Framework.ControlUtil.AbstractBaseDAL`1.PrivateFindByID(Object key) 位置 e:\yhq\WHC.MVCWebMis.Core\ControlUtil\Framework\AbstractBaseDAL.cs:行号 728
   在 WHC.Framework.ControlUtil.AbstractBaseDAL`1.FindByID(Object key) 位置 e:\yhq\WHC.MVCWebMis.Core\ControlUtil\Framework\AbstractBaseDAL.cs:行号 714
   在 WHC.Framework.ControlUtil.BaseBLL`1.FindByID(Object key) 位置 e:\yhq\WHC.MVCWebMis.Core\ControlUtil\Framework\BaseBLL.cs:行号 327
   在 WHC.MVCWebMis.Controllers.FuJianController.Upload(HttpPostedFileBase fileData, String guid, String folder, String fujianid) 位置 e:\yhq\MVCWebMis\Controllers\FuJianController.cs:行号 103

[2014-08-28 08:39:16]    convert:True

[2014-08-28 08:39:16]    已经删除了上传的临时文件doc和pdf

[2014-08-28 08:39:16]    System.NullReferenceException: 未将对象引用设置到对象的实例。
   在 WHC.Framework.ControlUtil.AbstractBaseDAL`1.PrivateFindByID(Object key) 位置 e:\yhq\WHC.MVCWebMis.Core\ControlUtil\Framework\AbstractBaseDAL.cs:行号 728
   在 WHC.Framework.ControlUtil.AbstractBaseDAL`1.FindByID(Object key) 位置 e:\yhq\WHC.MVCWebMis.Core\ControlUtil\Framework\AbstractBaseDAL.cs:行号 714
   在 WHC.Framework.ControlUtil.BaseBLL`1.FindByID(Object key) 位置 e:\yhq\WHC.MVCWebMis.Core\ControlUtil\Framework\BaseBLL.cs:行号 327
   在 WHC.MVCWebMis.Controllers.FuJianController.Upload(HttpPostedFileBase fileData, String guid, String folder, String fujianid) 位置 e:\yhq\MVCWebMis\Controllers\FuJianController.cs:行号 103

[2014-08-28 08:39:36]    convert:True

[2014-08-28 08:39:36]    已经删除了上传的临时文件doc和pdf

[2014-08-28 08:39:36]    System.NullReferenceException: 未将对象引用设置到对象的实例。
   在 WHC.Framework.ControlUtil.AbstractBaseDAL`1.PrivateFindByID(Object key) 位置 e:\yhq\WHC.MVCWebMis.Core\ControlUtil\Framework\AbstractBaseDAL.cs:行号 728
   在 WHC.Framework.ControlUtil.AbstractBaseDAL`1.FindByID(Object key) 位置 e:\yhq\WHC.MVCWebMis.Core\ControlUtil\Framework\AbstractBaseDAL.cs:行号 714
   在 WHC.Framework.ControlUtil.BaseBLL`1.FindByID(Object key) 位置 e:\yhq\WHC.MVCWebMis.Core\ControlUtil\Framework\BaseBLL.cs:行号 327
   在 WHC.MVCWebMis.Controllers.FuJianController.Upload(HttpPostedFileBase fileData, String guid, String folder, String fujianid) 位置 e:\yhq\MVCWebMis\Controllers\FuJianController.cs:行号 103

[2014-08-28 08:44:44]    convert:True

[2014-08-28 08:44:45]    已经删除了上传的临时文件doc和pdf

[2014-08-28 08:44:45]    System.NullReferenceException: 未将对象引用设置到对象的实例。
   在 WHC.Framework.ControlUtil.AbstractBaseDAL`1.PrivateFindByID(Object key) 位置 e:\yhq\WHC.MVCWebMis.Core\ControlUtil\Framework\AbstractBaseDAL.cs:行号 728
   在 WHC.Framework.ControlUtil.AbstractBaseDAL`1.FindByID(Object key) 位置 e:\yhq\WHC.MVCWebMis.Core\ControlUtil\Framework\AbstractBaseDAL.cs:行号 714
   在 WHC.Framework.ControlUtil.BaseBLL`1.FindByID(Object key) 位置 e:\yhq\WHC.MVCWebMis.Core\ControlUtil\Framework\BaseBLL.cs:行号 327
   在 WHC.MVCWebMis.Controllers.FuJianController.Upload(HttpPostedFileBase fileData, String guid, String folder, String fujianid) 位置 e:\yhq\MVCWebMis\Controllers\FuJianController.cs:行号 103

[2014-08-28 10:57:21]    System.Web.HttpException (0x80004005): 服务器无法在发送 HTTP 标头之后设置内容类型。
   在 System.Web.HttpResponse.set_Charset(String value)
   在 System.Web.HttpResponseWrapper.set_Charset(String value)
   在 WHC.MVCWebMis.Controllers.FuJianController.Upload(HttpPostedFileBase fileData) 位置 e:\yhq\MVCWebMis\Controllers\FuJianController.cs:行号 35

[2014-08-28 10:58:32]    System.Web.HttpException (0x80004005): 服务器无法在发送 HTTP 标头之后设置内容类型。
   在 System.Web.HttpResponse.set_Charset(String value)
   在 System.Web.HttpResponseWrapper.set_Charset(String value)
   在 WHC.MVCWebMis.Controllers.FuJianController.Upload(HttpPostedFileBase fileData) 位置 e:\yhq\MVCWebMis\Controllers\FuJianController.cs:行号 35

[2014-08-28 10:59:33]    System.Data.SqlTypes.SqlTypeException: SqlDateTime 溢出。必须介于 1/1/1753 12:00:00 AM 和 12/31/9999 11:59:59 PM 之间。
   在 System.Data.SqlClient.TdsParser.TdsExecuteRPC(_SqlRPC[] rpcArray, Int32 timeout, Boolean inSchema, SqlNotificationRequest notificationRequest, TdsParserStateObject stateObj, Boolean isCommandProc, Boolean sync, TaskCompletionSource`1 completion, Int32 startRpc, Int32 startParam)
   在 System.Data.SqlClient.SqlCommand.RunExecuteReaderTds(CommandBehavior cmdBehavior, RunBehavior runBehavior, Boolean returnStream, Boolean async, Int32 timeout, Task& task, Boolean asyncWrite, SqlDataReader ds)
   在 System.Data.SqlClient.SqlCommand.RunExecuteReader(CommandBehavior cmdBehavior, RunBehavior runBehavior, Boolean returnStream, String method, TaskCompletionSource`1 completion, Int32 timeout, Task& task, Boolean asyncWrite)
   在 System.Data.SqlClient.SqlCommand.RunExecuteReader(CommandBehavior cmdBehavior, RunBehavior runBehavior, Boolean returnStream, String method)
   在 System.Data.SqlClient.SqlCommand.ExecuteScalar()
   在 Microsoft.Practices.EnterpriseLibrary.Data.Database.DoExecuteScalar(DbCommand command)
   在 Microsoft.Practices.EnterpriseLibrary.Data.Database.ExecuteScalar(DbCommand command)
   在 WHC.Framework.ControlUtil.BaseDALSQL`1.Insert2(Hashtable recordField, String targetTable, DbTransaction trans) 位置 e:\yhq\WHC.MVCWebMis.Core\ControlUtil\Framework\BaseDAL\BaseDALSQL.cs:行号 90
   在 WHC.Framework.ControlUtil.AbstractBaseDAL`1.Insert2(Hashtable recordField, DbTransaction trans) 位置 e:\yhq\WHC.MVCWebMis.Core\ControlUtil\Framework\AbstractBaseDAL.cs:行号 203
   在 WHC.Framework.ControlUtil.AbstractBaseDAL`1.Insert2(T obj) 位置 e:\yhq\WHC.MVCWebMis.Core\ControlUtil\Framework\AbstractBaseDAL.cs:行号 559
   在 WHC.Framework.ControlUtil.BaseBLL`1.Insert2(T obj) 位置 e:\yhq\WHC.MVCWebMis.Core\ControlUtil\Framework\BaseBLL.cs:行号 168
   在 WHC.MVCWebMis.Controllers.BusinessController`2.Insert2(T info) 位置 e:\yhq\MVCWebMis\Controllers\BusinessController.cs:行号 100
   在 lambda_method(Closure , ControllerBase , Object[] )
   在 System.Web.Mvc.ActionMethodDispatcher.Execute(ControllerBase controller, Object[] parameters)
   在 System.Web.Mvc.ReflectedActionDescriptor.Execute(ControllerContext controllerContext, IDictionary`2 parameters)
   在 System.Web.Mvc.ControllerActionInvoker.InvokeActionMethod(ControllerContext controllerContext, ActionDescriptor actionDescriptor, IDictionary`2 parameters)
   在 System.Web.Mvc.Async.AsyncControllerActionInvoker.InvokeSynchronousActionMethod(ControllerContext controllerContext, ActionDescriptor actionDescriptor, IDictionary`2 parameters)
   在 System.Web.Mvc.Async.AsyncControllerActionInvoker.<>c__DisplayClass42.<BeginInvokeSynchronousActionMethod>b__41()
   在 System.Web.Mvc.Async.AsyncResultWrapper.<>c__DisplayClass8`1.<BeginSynchronous>b__7(IAsyncResult _)
   在 System.Web.Mvc.Async.AsyncResultWrapper.WrappedAsyncResult`1.End()
   在 System.Web.Mvc.Async.AsyncResultWrapper.End[TResult](IAsyncResult asyncResult, Object tag)
   在 System.Web.Mvc.Async.AsyncControllerActionInvoker.EndInvokeActionMethod(IAsyncResult asyncResult)
   在 System.Web.Mvc.Async.AsyncControllerActionInvoker.<>c__DisplayClass37.<>c__DisplayClass39.<BeginInvokeActionMethodWithFilters>b__33()
   在 System.Web.Mvc.Async.AsyncControllerActionInvoker.<>c__DisplayClass4f.<InvokeActionMethodFilterAsynchronously>b__49()
   在 System.Web.Mvc.Async.AsyncControllerActionInvoker.<>c__DisplayClass37.<BeginInvokeActionMethodWithFilters>b__36(IAsyncResult asyncResult)
   在 System.Web.Mvc.Async.AsyncResultWrapper.WrappedAsyncResult`1.End()
   在 System.Web.Mvc.Async.AsyncResultWrapper.End[TResult](IAsyncResult asyncResult, Object tag)
   在 System.Web.Mvc.Async.AsyncControllerActionInvoker.EndInvokeActionMethodWithFilters(IAsyncResult asyncResult)
   在 System.Web.Mvc.Async.AsyncControllerActionInvoker.<>c__DisplayClass25.<>c__DisplayClass2a.<BeginInvokeAction>b__20()
   在 System.Web.Mvc.Async.AsyncControllerActionInvoker.<>c__DisplayClass25.<BeginInvokeAction>b__22(IAsyncResult asyncResult)

[2014-08-28 11:24:43]    System.Web.HttpException (0x80004005): 服务器无法在发送 HTTP 标头之后设置内容类型。
   在 System.Web.HttpResponse.set_ContentType(String value)
   在 System.Web.HttpResponseWrapper.set_ContentType(String value)
   在 System.Web.Mvc.JsonResult.ExecuteResult(ControllerContext context)
   在 System.Web.Mvc.ControllerActionInvoker.InvokeActionResult(ControllerContext controllerContext, ActionResult actionResult)
   在 System.Web.Mvc.ControllerActionInvoker.<>c__DisplayClass1a.<InvokeActionResultWithFilters>b__17()
   在 System.Web.Mvc.ControllerActionInvoker.InvokeActionResultFilter(IResultFilter filter, ResultExecutingContext preContext, Func`1 continuation)
   在 System.Web.Mvc.ControllerActionInvoker.<>c__DisplayClass1a.<>c__DisplayClass1c.<InvokeActionResultWithFilters>b__19()
   在 System.Web.Mvc.ControllerActionInvoker.InvokeActionResultWithFilters(ControllerContext controllerContext, IList`1 filters, ActionResult actionResult)
   在 System.Web.Mvc.Async.AsyncControllerActionInvoker.<>c__DisplayClass25.<>c__DisplayClass2a.<BeginInvokeAction>b__20()
   在 System.Web.Mvc.Async.AsyncControllerActionInvoker.<>c__DisplayClass25.<BeginInvokeAction>b__22(IAsyncResult asyncResult)

[2014-08-28 11:24:43]    System.Web.HttpException (0x80004005): 服务器无法在发送 HTTP 标头之后设置内容类型。
   在 System.Web.HttpResponse.set_ContentType(String value)
   在 System.Web.HttpResponseWrapper.set_ContentType(String value)
   在 System.Web.Mvc.JsonResult.ExecuteResult(ControllerContext context)
   在 System.Web.Mvc.ControllerActionInvoker.InvokeActionResult(ControllerContext controllerContext, ActionResult actionResult)
   在 System.Web.Mvc.ControllerActionInvoker.<>c__DisplayClass1a.<InvokeActionResultWithFilters>b__17()
   在 System.Web.Mvc.ControllerActionInvoker.InvokeActionResultFilter(IResultFilter filter, ResultExecutingContext preContext, Func`1 continuation)
   在 System.Web.Mvc.ControllerActionInvoker.<>c__DisplayClass1a.<>c__DisplayClass1c.<InvokeActionResultWithFilters>b__19()
   在 System.Web.Mvc.ControllerActionInvoker.InvokeActionResultWithFilters(ControllerContext controllerContext, IList`1 filters, ActionResult actionResult)
   在 System.Web.Mvc.Async.AsyncControllerActionInvoker.<>c__DisplayClass25.<>c__DisplayClass2a.<BeginInvokeAction>b__20()
   在 System.Web.Mvc.Async.AsyncControllerActionInvoker.<>c__DisplayClass25.<BeginInvokeAction>b__22(IAsyncResult asyncResult)

[2014-08-28 11:24:43]    System.Web.HttpException (0x80004005): 服务器无法在发送 HTTP 标头之后设置内容类型。
   在 System.Web.HttpResponse.set_ContentType(String value)
   在 System.Web.HttpResponseWrapper.set_ContentType(String value)
   在 System.Web.Mvc.JsonResult.ExecuteResult(ControllerContext context)
   在 System.Web.Mvc.ControllerActionInvoker.InvokeActionResult(ControllerContext controllerContext, ActionResult actionResult)
   在 System.Web.Mvc.ControllerActionInvoker.<>c__DisplayClass1a.<InvokeActionResultWithFilters>b__17()
   在 System.Web.Mvc.ControllerActionInvoker.InvokeActionResultFilter(IResultFilter filter, ResultExecutingContext preContext, Func`1 continuation)
   在 System.Web.Mvc.ControllerActionInvoker.<>c__DisplayClass1a.<>c__DisplayClass1c.<InvokeActionResultWithFilters>b__19()
   在 System.Web.Mvc.ControllerActionInvoker.InvokeActionResultWithFilters(ControllerContext controllerContext, IList`1 filters, ActionResult actionResult)
   在 System.Web.Mvc.Async.AsyncControllerActionInvoker.<>c__DisplayClass25.<>c__DisplayClass2a.<BeginInvokeAction>b__20()
   在 System.Web.Mvc.Async.AsyncControllerActionInvoker.<>c__DisplayClass25.<BeginInvokeAction>b__22(IAsyncResult asyncResult)

[2014-08-28 11:24:44]    System.Web.HttpException (0x80004005): 服务器无法在发送 HTTP 标头之后设置内容类型。
   在 System.Web.HttpResponse.set_ContentType(String value)
   在 System.Web.HttpResponseWrapper.set_ContentType(String value)
   在 System.Web.Mvc.JsonResult.ExecuteResult(ControllerContext context)
   在 System.Web.Mvc.ControllerActionInvoker.InvokeActionResult(ControllerContext controllerContext, ActionResult actionResult)
   在 System.Web.Mvc.ControllerActionInvoker.<>c__DisplayClass1a.<InvokeActionResultWithFilters>b__17()
   在 System.Web.Mvc.ControllerActionInvoker.InvokeActionResultFilter(IResultFilter filter, ResultExecutingContext preContext, Func`1 continuation)
   在 System.Web.Mvc.ControllerActionInvoker.<>c__DisplayClass1a.<>c__DisplayClass1c.<InvokeActionResultWithFilters>b__19()
   在 System.Web.Mvc.ControllerActionInvoker.InvokeActionResultWithFilters(ControllerContext controllerContext, IList`1 filters, ActionResult actionResult)
   在 System.Web.Mvc.Async.AsyncControllerActionInvoker.<>c__DisplayClass25.<>c__DisplayClass2a.<BeginInvokeAction>b__20()
   在 System.Web.Mvc.Async.AsyncControllerActionInvoker.<>c__DisplayClass25.<BeginInvokeAction>b__22(IAsyncResult asyncResult)

[2014-08-28 15:31:24]    System.Web.HttpException (0x80004005): 服务器无法在发送 HTTP 标头之后设置内容类型。
   在 System.Web.HttpResponse.set_ContentType(String value)
   在 System.Web.HttpResponseWrapper.set_ContentType(String value)
   在 System.Web.Mvc.JsonResult.ExecuteResult(ControllerContext context)
   在 System.Web.Mvc.ControllerActionInvoker.InvokeActionResult(ControllerContext controllerContext, ActionResult actionResult)
   在 System.Web.Mvc.ControllerActionInvoker.<>c__DisplayClass1a.<InvokeActionResultWithFilters>b__17()
   在 System.Web.Mvc.ControllerActionInvoker.InvokeActionResultFilter(IResultFilter filter, ResultExecutingContext preContext, Func`1 continuation)
   在 System.Web.Mvc.ControllerActionInvoker.<>c__DisplayClass1a.<>c__DisplayClass1c.<InvokeActionResultWithFilters>b__19()
   在 System.Web.Mvc.ControllerActionInvoker.InvokeActionResultWithFilters(ControllerContext controllerContext, IList`1 filters, ActionResult actionResult)
   在 System.Web.Mvc.Async.AsyncControllerActionInvoker.<>c__DisplayClass25.<>c__DisplayClass2a.<BeginInvokeAction>b__20()
   在 System.Web.Mvc.Async.AsyncControllerActionInvoker.<>c__DisplayClass25.<BeginInvokeAction>b__22(IAsyncResult asyncResult)

[2014-08-28 15:31:24]    System.Web.HttpException (0x80004005): 服务器无法在发送 HTTP 标头之后设置内容类型。
   在 System.Web.HttpResponse.set_ContentType(String value)
   在 System.Web.HttpResponseWrapper.set_ContentType(String value)
   在 System.Web.Mvc.JsonResult.ExecuteResult(ControllerContext context)
   在 System.Web.Mvc.ControllerActionInvoker.InvokeActionResult(ControllerContext controllerContext, ActionResult actionResult)
   在 System.Web.Mvc.ControllerActionInvoker.<>c__DisplayClass1a.<InvokeActionResultWithFilters>b__17()
   在 System.Web.Mvc.ControllerActionInvoker.InvokeActionResultFilter(IResultFilter filter, ResultExecutingContext preContext, Func`1 continuation)
   在 System.Web.Mvc.ControllerActionInvoker.<>c__DisplayClass1a.<>c__DisplayClass1c.<InvokeActionResultWithFilters>b__19()
   在 System.Web.Mvc.ControllerActionInvoker.InvokeActionResultWithFilters(ControllerContext controllerContext, IList`1 filters, ActionResult actionResult)
   在 System.Web.Mvc.Async.AsyncControllerActionInvoker.<>c__DisplayClass25.<>c__DisplayClass2a.<BeginInvokeAction>b__20()
   在 System.Web.Mvc.Async.AsyncControllerActionInvoker.<>c__DisplayClass25.<BeginInvokeAction>b__22(IAsyncResult asyncResult)

[2014-08-28 15:31:24]    System.Web.HttpException (0x80004005): 服务器无法在发送 HTTP 标头之后设置内容类型。
   在 System.Web.HttpResponse.set_ContentType(String value)
   在 System.Web.HttpResponseWrapper.set_ContentType(String value)
   在 System.Web.Mvc.JsonResult.ExecuteResult(ControllerContext context)
   在 System.Web.Mvc.ControllerActionInvoker.InvokeActionResult(ControllerContext controllerContext, ActionResult actionResult)
   在 System.Web.Mvc.ControllerActionInvoker.<>c__DisplayClass1a.<InvokeActionResultWithFilters>b__17()
   在 System.Web.Mvc.ControllerActionInvoker.InvokeActionResultFilter(IResultFilter filter, ResultExecutingContext preContext, Func`1 continuation)
   在 System.Web.Mvc.ControllerActionInvoker.<>c__DisplayClass1a.<>c__DisplayClass1c.<InvokeActionResultWithFilters>b__19()
   在 System.Web.Mvc.ControllerActionInvoker.InvokeActionResultWithFilters(ControllerContext controllerContext, IList`1 filters, ActionResult actionResult)
   在 System.Web.Mvc.Async.AsyncControllerActionInvoker.<>c__DisplayClass25.<>c__DisplayClass2a.<BeginInvokeAction>b__20()
   在 System.Web.Mvc.Async.AsyncControllerActionInvoker.<>c__DisplayClass25.<BeginInvokeAction>b__22(IAsyncResult asyncResult)

[2014-08-28 15:31:25]    System.Web.HttpException (0x80004005): 服务器无法在发送 HTTP 标头之后设置内容类型。
   在 System.Web.HttpResponse.set_ContentType(String value)
   在 System.Web.HttpResponseWrapper.set_ContentType(String value)
   在 System.Web.Mvc.JsonResult.ExecuteResult(ControllerContext context)
   在 System.Web.Mvc.ControllerActionInvoker.InvokeActionResult(ControllerContext controllerContext, ActionResult actionResult)
   在 System.Web.Mvc.ControllerActionInvoker.<>c__DisplayClass1a.<InvokeActionResultWithFilters>b__17()
   在 System.Web.Mvc.ControllerActionInvoker.InvokeActionResultFilter(IResultFilter filter, ResultExecutingContext preContext, Func`1 continuation)
   在 System.Web.Mvc.ControllerActionInvoker.<>c__DisplayClass1a.<>c__DisplayClass1c.<InvokeActionResultWithFilters>b__19()
   在 System.Web.Mvc.ControllerActionInvoker.InvokeActionResultWithFilters(ControllerContext controllerContext, IList`1 filters, ActionResult actionResult)
   在 System.Web.Mvc.Async.AsyncControllerActionInvoker.<>c__DisplayClass25.<>c__DisplayClass2a.<BeginInvokeAction>b__20()
   在 System.Web.Mvc.Async.AsyncControllerActionInvoker.<>c__DisplayClass25.<BeginInvokeAction>b__22(IAsyncResult asyncResult)

[2014-08-28 15:31:25]    System.Web.HttpException (0x80004005): 服务器无法在发送 HTTP 标头之后设置内容类型。
   在 System.Web.HttpResponse.set_ContentType(String value)
   在 System.Web.HttpResponseWrapper.set_ContentType(String value)
   在 System.Web.Mvc.JsonResult.ExecuteResult(ControllerContext context)
   在 System.Web.Mvc.ControllerActionInvoker.InvokeActionResult(ControllerContext controllerContext, ActionResult actionResult)
   在 System.Web.Mvc.ControllerActionInvoker.<>c__DisplayClass1a.<InvokeActionResultWithFilters>b__17()
   在 System.Web.Mvc.ControllerActionInvoker.InvokeActionResultFilter(IResultFilter filter, ResultExecutingContext preContext, Func`1 continuation)
   在 System.Web.Mvc.ControllerActionInvoker.<>c__DisplayClass1a.<>c__DisplayClass1c.<InvokeActionResultWithFilters>b__19()
   在 System.Web.Mvc.ControllerActionInvoker.InvokeActionResultWithFilters(ControllerContext controllerContext, IList`1 filters, ActionResult actionResult)
   在 System.Web.Mvc.Async.AsyncControllerActionInvoker.<>c__DisplayClass25.<>c__DisplayClass2a.<BeginInvokeAction>b__20()
   在 System.Web.Mvc.Async.AsyncControllerActionInvoker.<>c__DisplayClass25.<BeginInvokeAction>b__22(IAsyncResult asyncResult)

[2014-08-28 15:32:00]    System.ArgumentException: 对于“WHC.MVCWebMis.Controllers.FuJianController”中方法“System.String Upload(System.Web.HttpPostedFileBase, Int32, System.String)”的不可以为 null 的类型“System.Int32”的参数“XiangMu_ID”，参数字典包含一个 null 项。可选参数必须为引用类型、可以为 null 的类型或声明为可选参数。
参数名: parameters
   在 System.Web.Mvc.ActionDescriptor.ExtractParameterFromDictionary(ParameterInfo parameterInfo, IDictionary`2 parameters, MethodInfo methodInfo)
   在 System.Web.Mvc.ReflectedActionDescriptor.<>c__DisplayClass1.<Execute>b__0(ParameterInfo parameterInfo)
   在 System.Linq.Enumerable.WhereSelectArrayIterator`2.MoveNext()
   在 System.Linq.Buffer`1..ctor(IEnumerable`1 source)
   在 System.Linq.Enumerable.ToArray[TSource](IEnumerable`1 source)
   在 System.Web.Mvc.ReflectedActionDescriptor.Execute(ControllerContext controllerContext, IDictionary`2 parameters)
   在 System.Web.Mvc.ControllerActionInvoker.InvokeActionMethod(ControllerContext controllerContext, ActionDescriptor actionDescriptor, IDictionary`2 parameters)
   在 System.Web.Mvc.Async.AsyncControllerActionInvoker.InvokeSynchronousActionMethod(ControllerContext controllerContext, ActionDescriptor actionDescriptor, IDictionary`2 parameters)
   在 System.Web.Mvc.Async.AsyncControllerActionInvoker.<>c__DisplayClass42.<BeginInvokeSynchronousActionMethod>b__41()
   在 System.Web.Mvc.Async.AsyncResultWrapper.<>c__DisplayClass8`1.<BeginSynchronous>b__7(IAsyncResult _)
   在 System.Web.Mvc.Async.AsyncResultWrapper.WrappedAsyncResult`1.End()
   在 System.Web.Mvc.Async.AsyncResultWrapper.End[TResult](IAsyncResult asyncResult, Object tag)
   在 System.Web.Mvc.Async.AsyncControllerActionInvoker.EndInvokeActionMethod(IAsyncResult asyncResult)
   在 System.Web.Mvc.Async.AsyncControllerActionInvoker.<>c__DisplayClass37.<>c__DisplayClass39.<BeginInvokeActionMethodWithFilters>b__33()
   在 System.Web.Mvc.Async.AsyncControllerActionInvoker.<>c__DisplayClass4f.<InvokeActionMethodFilterAsynchronously>b__49()
   在 System.Web.Mvc.Async.AsyncControllerActionInvoker.<>c__DisplayClass37.<BeginInvokeActionMethodWithFilters>b__36(IAsyncResult asyncResult)
   在 System.Web.Mvc.Async.AsyncResultWrapper.WrappedAsyncResult`1.End()
   在 System.Web.Mvc.Async.AsyncResultWrapper.End[TResult](IAsyncResult asyncResult, Object tag)
   在 System.Web.Mvc.Async.AsyncControllerActionInvoker.EndInvokeActionMethodWithFilters(IAsyncResult asyncResult)
   在 System.Web.Mvc.Async.AsyncControllerActionInvoker.<>c__DisplayClass25.<>c__DisplayClass2a.<BeginInvokeAction>b__20()
   在 System.Web.Mvc.Async.AsyncControllerActionInvoker.<>c__DisplayClass25.<BeginInvokeAction>b__22(IAsyncResult asyncResult)

[2014-08-28 15:32:07]    System.ArgumentException: 对于“WHC.MVCWebMis.Controllers.FuJianController”中方法“System.String Upload(System.Web.HttpPostedFileBase, Int32, System.String)”的不可以为 null 的类型“System.Int32”的参数“XiangMu_ID”，参数字典包含一个 null 项。可选参数必须为引用类型、可以为 null 的类型或声明为可选参数。
参数名: parameters
   在 System.Web.Mvc.ActionDescriptor.ExtractParameterFromDictionary(ParameterInfo parameterInfo, IDictionary`2 parameters, MethodInfo methodInfo)
   在 System.Web.Mvc.ReflectedActionDescriptor.<>c__DisplayClass1.<Execute>b__0(ParameterInfo parameterInfo)
   在 System.Linq.Enumerable.WhereSelectArrayIterator`2.MoveNext()
   在 System.Linq.Buffer`1..ctor(IEnumerable`1 source)
   在 System.Linq.Enumerable.ToArray[TSource](IEnumerable`1 source)
   在 System.Web.Mvc.ReflectedActionDescriptor.Execute(ControllerContext controllerContext, IDictionary`2 parameters)
   在 System.Web.Mvc.ControllerActionInvoker.InvokeActionMethod(ControllerContext controllerContext, ActionDescriptor actionDescriptor, IDictionary`2 parameters)
   在 System.Web.Mvc.Async.AsyncControllerActionInvoker.InvokeSynchronousActionMethod(ControllerContext controllerContext, ActionDescriptor actionDescriptor, IDictionary`2 parameters)
   在 System.Web.Mvc.Async.AsyncControllerActionInvoker.<>c__DisplayClass42.<BeginInvokeSynchronousActionMethod>b__41()
   在 System.Web.Mvc.Async.AsyncResultWrapper.<>c__DisplayClass8`1.<BeginSynchronous>b__7(IAsyncResult _)
   在 System.Web.Mvc.Async.AsyncResultWrapper.WrappedAsyncResult`1.End()
   在 System.Web.Mvc.Async.AsyncResultWrapper.End[TResult](IAsyncResult asyncResult, Object tag)
   在 System.Web.Mvc.Async.AsyncControllerActionInvoker.EndInvokeActionMethod(IAsyncResult asyncResult)
   在 System.Web.Mvc.Async.AsyncControllerActionInvoker.<>c__DisplayClass37.<>c__DisplayClass39.<BeginInvokeActionMethodWithFilters>b__33()
   在 System.Web.Mvc.Async.AsyncControllerActionInvoker.<>c__DisplayClass4f.<InvokeActionMethodFilterAsynchronously>b__49()
   在 System.Web.Mvc.Async.AsyncControllerActionInvoker.<>c__DisplayClass37.<BeginInvokeActionMethodWithFilters>b__36(IAsyncResult asyncResult)
   在 System.Web.Mvc.Async.AsyncResultWrapper.WrappedAsyncResult`1.End()
   在 System.Web.Mvc.Async.AsyncResultWrapper.End[TResult](IAsyncResult asyncResult, Object tag)
   在 System.Web.Mvc.Async.AsyncControllerActionInvoker.EndInvokeActionMethodWithFilters(IAsyncResult asyncResult)
   在 System.Web.Mvc.Async.AsyncControllerActionInvoker.<>c__DisplayClass25.<>c__DisplayClass2a.<BeginInvokeAction>b__20()
   在 System.Web.Mvc.Async.AsyncControllerActionInvoker.<>c__DisplayClass25.<BeginInvokeAction>b__22(IAsyncResult asyncResult)

[2014-08-28 15:33:30]    System.ArgumentException: 对于“WHC.MVCWebMis.Controllers.FuJianController”中方法“System.String Upload(System.Web.HttpPostedFileBase, Int32, System.String)”的不可以为 null 的类型“System.Int32”的参数“XiangMu_ID”，参数字典包含一个 null 项。可选参数必须为引用类型、可以为 null 的类型或声明为可选参数。
参数名: parameters
   在 System.Web.Mvc.ActionDescriptor.ExtractParameterFromDictionary(ParameterInfo parameterInfo, IDictionary`2 parameters, MethodInfo methodInfo)
   在 System.Web.Mvc.ReflectedActionDescriptor.<>c__DisplayClass1.<Execute>b__0(ParameterInfo parameterInfo)
   在 System.Linq.Enumerable.WhereSelectArrayIterator`2.MoveNext()
   在 System.Linq.Buffer`1..ctor(IEnumerable`1 source)
   在 System.Linq.Enumerable.ToArray[TSource](IEnumerable`1 source)
   在 System.Web.Mvc.ReflectedActionDescriptor.Execute(ControllerContext controllerContext, IDictionary`2 parameters)
   在 System.Web.Mvc.ControllerActionInvoker.InvokeActionMethod(ControllerContext controllerContext, ActionDescriptor actionDescriptor, IDictionary`2 parameters)
   在 System.Web.Mvc.Async.AsyncControllerActionInvoker.InvokeSynchronousActionMethod(ControllerContext controllerContext, ActionDescriptor actionDescriptor, IDictionary`2 parameters)
   在 System.Web.Mvc.Async.AsyncControllerActionInvoker.<>c__DisplayClass42.<BeginInvokeSynchronousActionMethod>b__41()
   在 System.Web.Mvc.Async.AsyncResultWrapper.<>c__DisplayClass8`1.<BeginSynchronous>b__7(IAsyncResult _)
   在 System.Web.Mvc.Async.AsyncResultWrapper.WrappedAsyncResult`1.End()
   在 System.Web.Mvc.Async.AsyncResultWrapper.End[TResult](IAsyncResult asyncResult, Object tag)
   在 System.Web.Mvc.Async.AsyncControllerActionInvoker.EndInvokeActionMethod(IAsyncResult asyncResult)
   在 System.Web.Mvc.Async.AsyncControllerActionInvoker.<>c__DisplayClass37.<>c__DisplayClass39.<BeginInvokeActionMethodWithFilters>b__33()
   在 System.Web.Mvc.Async.AsyncControllerActionInvoker.<>c__DisplayClass4f.<InvokeActionMethodFilterAsynchronously>b__49()
   在 System.Web.Mvc.Async.AsyncControllerActionInvoker.<>c__DisplayClass37.<BeginInvokeActionMethodWithFilters>b__36(IAsyncResult asyncResult)
   在 System.Web.Mvc.Async.AsyncResultWrapper.WrappedAsyncResult`1.End()
   在 System.Web.Mvc.Async.AsyncResultWrapper.End[TResult](IAsyncResult asyncResult, Object tag)
   在 System.Web.Mvc.Async.AsyncControllerActionInvoker.EndInvokeActionMethodWithFilters(IAsyncResult asyncResult)
   在 System.Web.Mvc.Async.AsyncControllerActionInvoker.<>c__DisplayClass25.<>c__DisplayClass2a.<BeginInvokeAction>b__20()
   在 System.Web.Mvc.Async.AsyncControllerActionInvoker.<>c__DisplayClass25.<BeginInvokeAction>b__22(IAsyncResult asyncResult)

[2014-08-28 15:34:02]    System.ArgumentException: 对于“WHC.MVCWebMis.Controllers.FuJianController”中方法“System.String Upload(System.Web.HttpPostedFileBase, Int32, System.String)”的不可以为 null 的类型“System.Int32”的参数“XiangMu_ID”，参数字典包含一个 null 项。可选参数必须为引用类型、可以为 null 的类型或声明为可选参数。
参数名: parameters
   在 System.Web.Mvc.ActionDescriptor.ExtractParameterFromDictionary(ParameterInfo parameterInfo, IDictionary`2 parameters, MethodInfo methodInfo)
   在 System.Web.Mvc.ReflectedActionDescriptor.<>c__DisplayClass1.<Execute>b__0(ParameterInfo parameterInfo)
   在 System.Linq.Enumerable.WhereSelectArrayIterator`2.MoveNext()
   在 System.Linq.Buffer`1..ctor(IEnumerable`1 source)
   在 System.Linq.Enumerable.ToArray[TSource](IEnumerable`1 source)
   在 System.Web.Mvc.ReflectedActionDescriptor.Execute(ControllerContext controllerContext, IDictionary`2 parameters)
   在 System.Web.Mvc.ControllerActionInvoker.InvokeActionMethod(ControllerContext controllerContext, ActionDescriptor actionDescriptor, IDictionary`2 parameters)
   在 System.Web.Mvc.Async.AsyncControllerActionInvoker.InvokeSynchronousActionMethod(ControllerContext controllerContext, ActionDescriptor actionDescriptor, IDictionary`2 parameters)
   在 System.Web.Mvc.Async.AsyncControllerActionInvoker.<>c__DisplayClass42.<BeginInvokeSynchronousActionMethod>b__41()
   在 System.Web.Mvc.Async.AsyncResultWrapper.<>c__DisplayClass8`1.<BeginSynchronous>b__7(IAsyncResult _)
   在 System.Web.Mvc.Async.AsyncResultWrapper.WrappedAsyncResult`1.End()
   在 System.Web.Mvc.Async.AsyncResultWrapper.End[TResult](IAsyncResult asyncResult, Object tag)
   在 System.Web.Mvc.Async.AsyncControllerActionInvoker.EndInvokeActionMethod(IAsyncResult asyncResult)
   在 System.Web.Mvc.Async.AsyncControllerActionInvoker.<>c__DisplayClass37.<>c__DisplayClass39.<BeginInvokeActionMethodWithFilters>b__33()
   在 System.Web.Mvc.Async.AsyncControllerActionInvoker.<>c__DisplayClass4f.<InvokeActionMethodFilterAsynchronously>b__49()
   在 System.Web.Mvc.Async.AsyncControllerActionInvoker.<>c__DisplayClass37.<BeginInvokeActionMethodWithFilters>b__36(IAsyncResult asyncResult)
   在 System.Web.Mvc.Async.AsyncResultWrapper.WrappedAsyncResult`1.End()
   在 System.Web.Mvc.Async.AsyncResultWrapper.End[TResult](IAsyncResult asyncResult, Object tag)
   在 System.Web.Mvc.Async.AsyncControllerActionInvoker.EndInvokeActionMethodWithFilters(IAsyncResult asyncResult)
   在 System.Web.Mvc.Async.AsyncControllerActionInvoker.<>c__DisplayClass25.<>c__DisplayClass2a.<BeginInvokeAction>b__20()
   在 System.Web.Mvc.Async.AsyncControllerActionInvoker.<>c__DisplayClass25.<BeginInvokeAction>b__22(IAsyncResult asyncResult)

[2014-08-28 16:02:33]    System.Web.HttpException (0x80004005): 服务器无法在发送 HTTP 标头之后设置内容类型。
   在 System.Web.HttpResponse.set_ContentType(String value)
   在 System.Web.HttpResponseWrapper.set_ContentType(String value)
   在 System.Web.Mvc.JsonResult.ExecuteResult(ControllerContext context)
   在 System.Web.Mvc.ControllerActionInvoker.InvokeActionResult(ControllerContext controllerContext, ActionResult actionResult)
   在 System.Web.Mvc.ControllerActionInvoker.<>c__DisplayClass1a.<InvokeActionResultWithFilters>b__17()
   在 System.Web.Mvc.ControllerActionInvoker.InvokeActionResultFilter(IResultFilter filter, ResultExecutingContext preContext, Func`1 continuation)
   在 System.Web.Mvc.ControllerActionInvoker.<>c__DisplayClass1a.<>c__DisplayClass1c.<InvokeActionResultWithFilters>b__19()
   在 System.Web.Mvc.ControllerActionInvoker.InvokeActionResultWithFilters(ControllerContext controllerContext, IList`1 filters, ActionResult actionResult)
   在 System.Web.Mvc.Async.AsyncControllerActionInvoker.<>c__DisplayClass25.<>c__DisplayClass2a.<BeginInvokeAction>b__20()
   在 System.Web.Mvc.Async.AsyncControllerActionInvoker.<>c__DisplayClass25.<BeginInvokeAction>b__22(IAsyncResult asyncResult)

[2014-08-28 16:02:34]    System.Web.HttpException (0x80004005): 服务器无法在发送 HTTP 标头之后设置内容类型。
   在 System.Web.HttpResponse.set_ContentType(String value)
   在 System.Web.HttpResponseWrapper.set_ContentType(String value)
   在 System.Web.Mvc.JsonResult.ExecuteResult(ControllerContext context)
   在 System.Web.Mvc.ControllerActionInvoker.InvokeActionResult(ControllerContext controllerContext, ActionResult actionResult)
   在 System.Web.Mvc.ControllerActionInvoker.<>c__DisplayClass1a.<InvokeActionResultWithFilters>b__17()
   在 System.Web.Mvc.ControllerActionInvoker.InvokeActionResultFilter(IResultFilter filter, ResultExecutingContext preContext, Func`1 continuation)
   在 System.Web.Mvc.ControllerActionInvoker.<>c__DisplayClass1a.<>c__DisplayClass1c.<InvokeActionResultWithFilters>b__19()
   在 System.Web.Mvc.ControllerActionInvoker.InvokeActionResultWithFilters(ControllerContext controllerContext, IList`1 filters, ActionResult actionResult)
   在 System.Web.Mvc.Async.AsyncControllerActionInvoker.<>c__DisplayClass25.<>c__DisplayClass2a.<BeginInvokeAction>b__20()
   在 System.Web.Mvc.Async.AsyncControllerActionInvoker.<>c__DisplayClass25.<BeginInvokeAction>b__22(IAsyncResult asyncResult)

[2014-08-28 17:10:27]    System.Web.HttpException (0x80004005): 服务器无法在发送 HTTP 标头之后设置内容类型。
   在 System.Web.HttpResponse.set_ContentType(String value)
   在 System.Web.HttpResponseWrapper.set_ContentType(String value)
   在 System.Web.Mvc.JsonResult.ExecuteResult(ControllerContext context)
   在 System.Web.Mvc.ControllerActionInvoker.InvokeActionResult(ControllerContext controllerContext, ActionResult actionResult)
   在 System.Web.Mvc.ControllerActionInvoker.<>c__DisplayClass1a.<InvokeActionResultWithFilters>b__17()
   在 System.Web.Mvc.ControllerActionInvoker.InvokeActionResultFilter(IResultFilter filter, ResultExecutingContext preContext, Func`1 continuation)
   在 System.Web.Mvc.ControllerActionInvoker.<>c__DisplayClass1a.<>c__DisplayClass1c.<InvokeActionResultWithFilters>b__19()
   在 System.Web.Mvc.ControllerActionInvoker.InvokeActionResultWithFilters(ControllerContext controllerContext, IList`1 filters, ActionResult actionResult)
   在 System.Web.Mvc.Async.AsyncControllerActionInvoker.<>c__DisplayClass25.<>c__DisplayClass2a.<BeginInvokeAction>b__20()
   在 System.Web.Mvc.Async.AsyncControllerActionInvoker.<>c__DisplayClass25.<BeginInvokeAction>b__22(IAsyncResult asyncResult)

[2014-08-28 17:10:27]    System.Web.HttpException (0x80004005): 服务器无法在发送 HTTP 标头之后设置内容类型。
   在 System.Web.HttpResponse.set_ContentType(String value)
   在 System.Web.HttpResponseWrapper.set_ContentType(String value)
   在 System.Web.Mvc.JsonResult.ExecuteResult(ControllerContext context)
   在 System.Web.Mvc.ControllerActionInvoker.InvokeActionResult(ControllerContext controllerContext, ActionResult actionResult)
   在 System.Web.Mvc.ControllerActionInvoker.<>c__DisplayClass1a.<InvokeActionResultWithFilters>b__17()
   在 System.Web.Mvc.ControllerActionInvoker.InvokeActionResultFilter(IResultFilter filter, ResultExecutingContext preContext, Func`1 continuation)
   在 System.Web.Mvc.ControllerActionInvoker.<>c__DisplayClass1a.<>c__DisplayClass1c.<InvokeActionResultWithFilters>b__19()
   在 System.Web.Mvc.ControllerActionInvoker.InvokeActionResultWithFilters(ControllerContext controllerContext, IList`1 filters, ActionResult actionResult)
   在 System.Web.Mvc.Async.AsyncControllerActionInvoker.<>c__DisplayClass25.<>c__DisplayClass2a.<BeginInvokeAction>b__20()
   在 System.Web.Mvc.Async.AsyncControllerActionInvoker.<>c__DisplayClass25.<BeginInvokeAction>b__22(IAsyncResult asyncResult)

[2014-08-28 17:10:27]    System.Web.HttpException (0x80004005): 服务器无法在发送 HTTP 标头之后设置内容类型。
   在 System.Web.HttpResponse.set_ContentType(String value)
   在 System.Web.HttpResponseWrapper.set_ContentType(String value)
   在 System.Web.Mvc.JsonResult.ExecuteResult(ControllerContext context)
   在 System.Web.Mvc.ControllerActionInvoker.InvokeActionResult(ControllerContext controllerContext, ActionResult actionResult)
   在 System.Web.Mvc.ControllerActionInvoker.<>c__DisplayClass1a.<InvokeActionResultWithFilters>b__17()
   在 System.Web.Mvc.ControllerActionInvoker.InvokeActionResultFilter(IResultFilter filter, ResultExecutingContext preContext, Func`1 continuation)
   在 System.Web.Mvc.ControllerActionInvoker.<>c__DisplayClass1a.<>c__DisplayClass1c.<InvokeActionResultWithFilters>b__19()
   在 System.Web.Mvc.ControllerActionInvoker.InvokeActionResultWithFilters(ControllerContext controllerContext, IList`1 filters, ActionResult actionResult)
   在 System.Web.Mvc.Async.AsyncControllerActionInvoker.<>c__DisplayClass25.<>c__DisplayClass2a.<BeginInvokeAction>b__20()
   在 System.Web.Mvc.Async.AsyncControllerActionInvoker.<>c__DisplayClass25.<BeginInvokeAction>b__22(IAsyncResult asyncResult)

[2014-08-28 17:10:27]    System.Web.HttpException (0x80004005): 服务器无法在发送 HTTP 标头之后设置内容类型。
   在 System.Web.HttpResponse.set_ContentType(String value)
   在 System.Web.HttpResponseWrapper.set_ContentType(String value)
   在 System.Web.Mvc.JsonResult.ExecuteResult(ControllerContext context)
   在 System.Web.Mvc.ControllerActionInvoker.InvokeActionResult(ControllerContext controllerContext, ActionResult actionResult)
   在 System.Web.Mvc.ControllerActionInvoker.<>c__DisplayClass1a.<InvokeActionResultWithFilters>b__17()
   在 System.Web.Mvc.ControllerActionInvoker.InvokeActionResultFilter(IResultFilter filter, ResultExecutingContext preContext, Func`1 continuation)
   在 System.Web.Mvc.ControllerActionInvoker.<>c__DisplayClass1a.<>c__DisplayClass1c.<InvokeActionResultWithFilters>b__19()
   在 System.Web.Mvc.ControllerActionInvoker.InvokeActionResultWithFilters(ControllerContext controllerContext, IList`1 filters, ActionResult actionResult)
   在 System.Web.Mvc.Async.AsyncControllerActionInvoker.<>c__DisplayClass25.<>c__DisplayClass2a.<BeginInvokeAction>b__20()
   在 System.Web.Mvc.Async.AsyncControllerActionInvoker.<>c__DisplayClass25.<BeginInvokeAction>b__22(IAsyncResult asyncResult)

[2014-08-28 17:10:27]    System.Web.HttpException (0x80004005): 服务器无法在发送 HTTP 标头之后设置内容类型。
   在 System.Web.HttpResponse.set_ContentType(String value)
   在 System.Web.HttpResponseWrapper.set_ContentType(String value)
   在 System.Web.Mvc.JsonResult.ExecuteResult(ControllerContext context)
   在 System.Web.Mvc.ControllerActionInvoker.InvokeActionResult(ControllerContext controllerContext, ActionResult actionResult)
   在 System.Web.Mvc.ControllerActionInvoker.<>c__DisplayClass1a.<InvokeActionResultWithFilters>b__17()
   在 System.Web.Mvc.ControllerActionInvoker.InvokeActionResultFilter(IResultFilter filter, ResultExecutingContext preContext, Func`1 continuation)
   在 System.Web.Mvc.ControllerActionInvoker.<>c__DisplayClass1a.<>c__DisplayClass1c.<InvokeActionResultWithFilters>b__19()
   在 System.Web.Mvc.ControllerActionInvoker.InvokeActionResultWithFilters(ControllerContext controllerContext, IList`1 filters, ActionResult actionResult)
   在 System.Web.Mvc.Async.AsyncControllerActionInvoker.<>c__DisplayClass25.<>c__DisplayClass2a.<BeginInvokeAction>b__20()
   在 System.Web.Mvc.Async.AsyncControllerActionInvoker.<>c__DisplayClass25.<BeginInvokeAction>b__22(IAsyncResult asyncResult)

[2014-08-28 17:10:27]    System.Web.HttpException (0x80004005): 服务器无法在发送 HTTP 标头之后设置内容类型。
   在 System.Web.HttpResponse.set_ContentType(String value)
   在 System.Web.HttpResponseWrapper.set_ContentType(String value)
   在 System.Web.Mvc.JsonResult.ExecuteResult(ControllerContext context)
   在 System.Web.Mvc.ControllerActionInvoker.InvokeActionResult(ControllerContext controllerContext, ActionResult actionResult)
   在 System.Web.Mvc.ControllerActionInvoker.<>c__DisplayClass1a.<InvokeActionResultWithFilters>b__17()
   在 System.Web.Mvc.ControllerActionInvoker.InvokeActionResultFilter(IResultFilter filter, ResultExecutingContext preContext, Func`1 continuation)
   在 System.Web.Mvc.ControllerActionInvoker.<>c__DisplayClass1a.<>c__DisplayClass1c.<InvokeActionResultWithFilters>b__19()
   在 System.Web.Mvc.ControllerActionInvoker.InvokeActionResultWithFilters(ControllerContext controllerContext, IList`1 filters, ActionResult actionResult)
   在 System.Web.Mvc.Async.AsyncControllerActionInvoker.<>c__DisplayClass25.<>c__DisplayClass2a.<BeginInvokeAction>b__20()
   在 System.Web.Mvc.Async.AsyncControllerActionInvoker.<>c__DisplayClass25.<BeginInvokeAction>b__22(IAsyncResult asyncResult)

[2014-08-28 17:10:27]    System.Web.HttpException (0x80004005): 服务器无法在发送 HTTP 标头之后设置内容类型。
   在 System.Web.HttpResponse.set_ContentType(String value)
   在 System.Web.HttpResponseWrapper.set_ContentType(String value)
   在 System.Web.Mvc.JsonResult.ExecuteResult(ControllerContext context)
   在 System.Web.Mvc.ControllerActionInvoker.InvokeActionResult(ControllerContext controllerContext, ActionResult actionResult)
   在 System.Web.Mvc.ControllerActionInvoker.<>c__DisplayClass1a.<InvokeActionResultWithFilters>b__17()
   在 System.Web.Mvc.ControllerActionInvoker.InvokeActionResultFilter(IResultFilter filter, ResultExecutingContext preContext, Func`1 continuation)
   在 System.Web.Mvc.ControllerActionInvoker.<>c__DisplayClass1a.<>c__DisplayClass1c.<InvokeActionResultWithFilters>b__19()
   在 System.Web.Mvc.ControllerActionInvoker.InvokeActionResultWithFilters(ControllerContext controllerContext, IList`1 filters, ActionResult actionResult)
   在 System.Web.Mvc.Async.AsyncControllerActionInvoker.<>c__DisplayClass25.<>c__DisplayClass2a.<BeginInvokeAction>b__20()
   在 System.Web.Mvc.Async.AsyncControllerActionInvoker.<>c__DisplayClass25.<BeginInvokeAction>b__22(IAsyncResult asyncResult)

[2014-08-28 17:10:27]    System.Web.HttpException (0x80004005): 服务器无法在发送 HTTP 标头之后设置内容类型。
   在 System.Web.HttpResponse.set_ContentType(String value)
   在 System.Web.HttpResponseWrapper.set_ContentType(String value)
   在 System.Web.Mvc.JsonResult.ExecuteResult(ControllerContext context)
   在 System.Web.Mvc.ControllerActionInvoker.InvokeActionResult(ControllerContext controllerContext, ActionResult actionResult)
   在 System.Web.Mvc.ControllerActionInvoker.<>c__DisplayClass1a.<InvokeActionResultWithFilters>b__17()
   在 System.Web.Mvc.ControllerActionInvoker.InvokeActionResultFilter(IResultFilter filter, ResultExecutingContext preContext, Func`1 continuation)
   在 System.Web.Mvc.ControllerActionInvoker.<>c__DisplayClass1a.<>c__DisplayClass1c.<InvokeActionResultWithFilters>b__19()
   在 System.Web.Mvc.ControllerActionInvoker.InvokeActionResultWithFilters(ControllerContext controllerContext, IList`1 filters, ActionResult actionResult)
   在 System.Web.Mvc.Async.AsyncControllerActionInvoker.<>c__DisplayClass25.<>c__DisplayClass2a.<BeginInvokeAction>b__20()
   在 System.Web.Mvc.Async.AsyncControllerActionInvoker.<>c__DisplayClass25.<BeginInvokeAction>b__22(IAsyncResult asyncResult)

[2014-08-28 17:10:28]    System.Web.HttpException (0x80004005): 服务器无法在发送 HTTP 标头之后设置内容类型。
   在 System.Web.HttpResponse.set_ContentType(String value)
   在 System.Web.HttpResponseWrapper.set_ContentType(String value)
   在 System.Web.Mvc.JsonResult.ExecuteResult(ControllerContext context)
   在 System.Web.Mvc.ControllerActionInvoker.InvokeActionResult(ControllerContext controllerContext, ActionResult actionResult)
   在 System.Web.Mvc.ControllerActionInvoker.<>c__DisplayClass1a.<InvokeActionResultWithFilters>b__17()
   在 System.Web.Mvc.ControllerActionInvoker.InvokeActionResultFilter(IResultFilter filter, ResultExecutingContext preContext, Func`1 continuation)
   在 System.Web.Mvc.ControllerActionInvoker.<>c__DisplayClass1a.<>c__DisplayClass1c.<InvokeActionResultWithFilters>b__19()
   在 System.Web.Mvc.ControllerActionInvoker.InvokeActionResultWithFilters(ControllerContext controllerContext, IList`1 filters, ActionResult actionResult)
   在 System.Web.Mvc.Async.AsyncControllerActionInvoker.<>c__DisplayClass25.<>c__DisplayClass2a.<BeginInvokeAction>b__20()
   在 System.Web.Mvc.Async.AsyncControllerActionInvoker.<>c__DisplayClass25.<BeginInvokeAction>b__22(IAsyncResult asyncResult)

[2014-08-28 17:10:28]    System.Web.HttpException (0x80004005): 服务器无法在发送 HTTP 标头之后设置内容类型。
   在 System.Web.HttpResponse.set_ContentType(String value)
   在 System.Web.HttpResponseWrapper.set_ContentType(String value)
   在 System.Web.Mvc.JsonResult.ExecuteResult(ControllerContext context)
   在 System.Web.Mvc.ControllerActionInvoker.InvokeActionResult(ControllerContext controllerContext, ActionResult actionResult)
   在 System.Web.Mvc.ControllerActionInvoker.<>c__DisplayClass1a.<InvokeActionResultWithFilters>b__17()
   在 System.Web.Mvc.ControllerActionInvoker.InvokeActionResultFilter(IResultFilter filter, ResultExecutingContext preContext, Func`1 continuation)
   在 System.Web.Mvc.ControllerActionInvoker.<>c__DisplayClass1a.<>c__DisplayClass1c.<InvokeActionResultWithFilters>b__19()
   在 System.Web.Mvc.ControllerActionInvoker.InvokeActionResultWithFilters(ControllerContext controllerContext, IList`1 filters, ActionResult actionResult)
   在 System.Web.Mvc.Async.AsyncControllerActionInvoker.<>c__DisplayClass25.<>c__DisplayClass2a.<BeginInvokeAction>b__20()
   在 System.Web.Mvc.Async.AsyncControllerActionInvoker.<>c__DisplayClass25.<BeginInvokeAction>b__22(IAsyncResult asyncResult)

[2014-08-28 17:10:28]    System.Web.HttpException (0x80004005): 服务器无法在发送 HTTP 标头之后设置内容类型。
   在 System.Web.HttpResponse.set_ContentType(String value)
   在 System.Web.HttpResponseWrapper.set_ContentType(String value)
   在 System.Web.Mvc.JsonResult.ExecuteResult(ControllerContext context)
   在 System.Web.Mvc.ControllerActionInvoker.InvokeActionResult(ControllerContext controllerContext, ActionResult actionResult)
   在 System.Web.Mvc.ControllerActionInvoker.<>c__DisplayClass1a.<InvokeActionResultWithFilters>b__17()
   在 System.Web.Mvc.ControllerActionInvoker.InvokeActionResultFilter(IResultFilter filter, ResultExecutingContext preContext, Func`1 continuation)
   在 System.Web.Mvc.ControllerActionInvoker.<>c__DisplayClass1a.<>c__DisplayClass1c.<InvokeActionResultWithFilters>b__19()
   在 System.Web.Mvc.ControllerActionInvoker.InvokeActionResultWithFilters(ControllerContext controllerContext, IList`1 filters, ActionResult actionResult)
   在 System.Web.Mvc.Async.AsyncControllerActionInvoker.<>c__DisplayClass25.<>c__DisplayClass2a.<BeginInvokeAction>b__20()
   在 System.Web.Mvc.Async.AsyncControllerActionInvoker.<>c__DisplayClass25.<BeginInvokeAction>b__22(IAsyncResult asyncResult)

[2014-08-28 17:18:43]    System.ArgumentException: 对于“WHC.MVCWebMis.Controllers.FuJianController”中方法“System.String Upload(System.Web.HttpPostedFileBase, Int32, System.String)”的不可以为 null 的类型“System.Int32”的参数“XiangMu_ID”，参数字典包含一个 null 项。可选参数必须为引用类型、可以为 null 的类型或声明为可选参数。
参数名: parameters
   在 System.Web.Mvc.ActionDescriptor.ExtractParameterFromDictionary(ParameterInfo parameterInfo, IDictionary`2 parameters, MethodInfo methodInfo)
   在 System.Web.Mvc.ReflectedActionDescriptor.<>c__DisplayClass1.<Execute>b__0(ParameterInfo parameterInfo)
   在 System.Linq.Enumerable.WhereSelectArrayIterator`2.MoveNext()
   在 System.Linq.Buffer`1..ctor(IEnumerable`1 source)
   在 System.Linq.Enumerable.ToArray[TSource](IEnumerable`1 source)
   在 System.Web.Mvc.ReflectedActionDescriptor.Execute(ControllerContext controllerContext, IDictionary`2 parameters)
   在 System.Web.Mvc.ControllerActionInvoker.InvokeActionMethod(ControllerContext controllerContext, ActionDescriptor actionDescriptor, IDictionary`2 parameters)
   在 System.Web.Mvc.Async.AsyncControllerActionInvoker.InvokeSynchronousActionMethod(ControllerContext controllerContext, ActionDescriptor actionDescriptor, IDictionary`2 parameters)
   在 System.Web.Mvc.Async.AsyncControllerActionInvoker.<>c__DisplayClass42.<BeginInvokeSynchronousActionMethod>b__41()
   在 System.Web.Mvc.Async.AsyncResultWrapper.<>c__DisplayClass8`1.<BeginSynchronous>b__7(IAsyncResult _)
   在 System.Web.Mvc.Async.AsyncResultWrapper.WrappedAsyncResult`1.End()
   在 System.Web.Mvc.Async.AsyncResultWrapper.End[TResult](IAsyncResult asyncResult, Object tag)
   在 System.Web.Mvc.Async.AsyncControllerActionInvoker.EndInvokeActionMethod(IAsyncResult asyncResult)
   在 System.Web.Mvc.Async.AsyncControllerActionInvoker.<>c__DisplayClass37.<>c__DisplayClass39.<BeginInvokeActionMethodWithFilters>b__33()
   在 System.Web.Mvc.Async.AsyncControllerActionInvoker.<>c__DisplayClass4f.<InvokeActionMethodFilterAsynchronously>b__49()
   在 System.Web.Mvc.Async.AsyncControllerActionInvoker.<>c__DisplayClass37.<BeginInvokeActionMethodWithFilters>b__36(IAsyncResult asyncResult)
   在 System.Web.Mvc.Async.AsyncResultWrapper.WrappedAsyncResult`1.End()
   在 System.Web.Mvc.Async.AsyncResultWrapper.End[TResult](IAsyncResult asyncResult, Object tag)
   在 System.Web.Mvc.Async.AsyncControllerActionInvoker.EndInvokeActionMethodWithFilters(IAsyncResult asyncResult)
   在 System.Web.Mvc.Async.AsyncControllerActionInvoker.<>c__DisplayClass25.<>c__DisplayClass2a.<BeginInvokeAction>b__20()
   在 System.Web.Mvc.Async.AsyncControllerActionInvoker.<>c__DisplayClass25.<BeginInvokeAction>b__22(IAsyncResult asyncResult)

[2014-08-28 17:19:35]    System.ArgumentException: 对于“WHC.MVCWebMis.Controllers.FuJianController”中方法“System.String Upload(System.Web.HttpPostedFileBase, Int32, System.String)”的不可以为 null 的类型“System.Int32”的参数“XiangMu_ID”，参数字典包含一个 null 项。可选参数必须为引用类型、可以为 null 的类型或声明为可选参数。
参数名: parameters
   在 System.Web.Mvc.ActionDescriptor.ExtractParameterFromDictionary(ParameterInfo parameterInfo, IDictionary`2 parameters, MethodInfo methodInfo)
   在 System.Web.Mvc.ReflectedActionDescriptor.<>c__DisplayClass1.<Execute>b__0(ParameterInfo parameterInfo)
   在 System.Linq.Enumerable.WhereSelectArrayIterator`2.MoveNext()
   在 System.Linq.Buffer`1..ctor(IEnumerable`1 source)
   在 System.Linq.Enumerable.ToArray[TSource](IEnumerable`1 source)
   在 System.Web.Mvc.ReflectedActionDescriptor.Execute(ControllerContext controllerContext, IDictionary`2 parameters)
   在 System.Web.Mvc.ControllerActionInvoker.InvokeActionMethod(ControllerContext controllerContext, ActionDescriptor actionDescriptor, IDictionary`2 parameters)
   在 System.Web.Mvc.Async.AsyncControllerActionInvoker.InvokeSynchronousActionMethod(ControllerContext controllerContext, ActionDescriptor actionDescriptor, IDictionary`2 parameters)
   在 System.Web.Mvc.Async.AsyncControllerActionInvoker.<>c__DisplayClass42.<BeginInvokeSynchronousActionMethod>b__41()
   在 System.Web.Mvc.Async.AsyncResultWrapper.<>c__DisplayClass8`1.<BeginSynchronous>b__7(IAsyncResult _)
   在 System.Web.Mvc.Async.AsyncResultWrapper.WrappedAsyncResult`1.End()
   在 System.Web.Mvc.Async.AsyncResultWrapper.End[TResult](IAsyncResult asyncResult, Object tag)
   在 System.Web.Mvc.Async.AsyncControllerActionInvoker.EndInvokeActionMethod(IAsyncResult asyncResult)
   在 System.Web.Mvc.Async.AsyncControllerActionInvoker.<>c__DisplayClass37.<>c__DisplayClass39.<BeginInvokeActionMethodWithFilters>b__33()
   在 System.Web.Mvc.Async.AsyncControllerActionInvoker.<>c__DisplayClass4f.<InvokeActionMethodFilterAsynchronously>b__49()
   在 System.Web.Mvc.Async.AsyncControllerActionInvoker.<>c__DisplayClass37.<BeginInvokeActionMethodWithFilters>b__36(IAsyncResult asyncResult)
   在 System.Web.Mvc.Async.AsyncResultWrapper.WrappedAsyncResult`1.End()
   在 System.Web.Mvc.Async.AsyncResultWrapper.End[TResult](IAsyncResult asyncResult, Object tag)
   在 System.Web.Mvc.Async.AsyncControllerActionInvoker.EndInvokeActionMethodWithFilters(IAsyncResult asyncResult)
   在 System.Web.Mvc.Async.AsyncControllerActionInvoker.<>c__DisplayClass25.<>c__DisplayClass2a.<BeginInvokeAction>b__20()
   在 System.Web.Mvc.Async.AsyncControllerActionInvoker.<>c__DisplayClass25.<BeginInvokeAction>b__22(IAsyncResult asyncResult)

[2014-08-28 17:19:46]    System.ArgumentException: 对于“WHC.MVCWebMis.Controllers.FuJianController”中方法“System.String Upload(System.Web.HttpPostedFileBase, Int32, System.String)”的不可以为 null 的类型“System.Int32”的参数“XiangMu_ID”，参数字典包含一个 null 项。可选参数必须为引用类型、可以为 null 的类型或声明为可选参数。
参数名: parameters
   在 System.Web.Mvc.ActionDescriptor.ExtractParameterFromDictionary(ParameterInfo parameterInfo, IDictionary`2 parameters, MethodInfo methodInfo)
   在 System.Web.Mvc.ReflectedActionDescriptor.<>c__DisplayClass1.<Execute>b__0(ParameterInfo parameterInfo)
   在 System.Linq.Enumerable.WhereSelectArrayIterator`2.MoveNext()
   在 System.Linq.Buffer`1..ctor(IEnumerable`1 source)
   在 System.Linq.Enumerable.ToArray[TSource](IEnumerable`1 source)
   在 System.Web.Mvc.ReflectedActionDescriptor.Execute(ControllerContext controllerContext, IDictionary`2 parameters)
   在 System.Web.Mvc.ControllerActionInvoker.InvokeActionMethod(ControllerContext controllerContext, ActionDescriptor actionDescriptor, IDictionary`2 parameters)
   在 System.Web.Mvc.Async.AsyncControllerActionInvoker.InvokeSynchronousActionMethod(ControllerContext controllerContext, ActionDescriptor actionDescriptor, IDictionary`2 parameters)
   在 System.Web.Mvc.Async.AsyncControllerActionInvoker.<>c__DisplayClass42.<BeginInvokeSynchronousActionMethod>b__41()
   在 System.Web.Mvc.Async.AsyncResultWrapper.<>c__DisplayClass8`1.<BeginSynchronous>b__7(IAsyncResult _)
   在 System.Web.Mvc.Async.AsyncResultWrapper.WrappedAsyncResult`1.End()
   在 System.Web.Mvc.Async.AsyncResultWrapper.End[TResult](IAsyncResult asyncResult, Object tag)
   在 System.Web.Mvc.Async.AsyncControllerActionInvoker.EndInvokeActionMethod(IAsyncResult asyncResult)
   在 System.Web.Mvc.Async.AsyncControllerActionInvoker.<>c__DisplayClass37.<>c__DisplayClass39.<BeginInvokeActionMethodWithFilters>b__33()
   在 System.Web.Mvc.Async.AsyncControllerActionInvoker.<>c__DisplayClass4f.<InvokeActionMethodFilterAsynchronously>b__49()
   在 System.Web.Mvc.Async.AsyncControllerActionInvoker.<>c__DisplayClass37.<BeginInvokeActionMethodWithFilters>b__36(IAsyncResult asyncResult)
   在 System.Web.Mvc.Async.AsyncResultWrapper.WrappedAsyncResult`1.End()
   在 System.Web.Mvc.Async.AsyncResultWrapper.End[TResult](IAsyncResult asyncResult, Object tag)
   在 System.Web.Mvc.Async.AsyncControllerActionInvoker.EndInvokeActionMethodWithFilters(IAsyncResult asyncResult)
   在 System.Web.Mvc.Async.AsyncControllerActionInvoker.<>c__DisplayClass25.<>c__DisplayClass2a.<BeginInvokeAction>b__20()
   在 System.Web.Mvc.Async.AsyncControllerActionInvoker.<>c__DisplayClass25.<BeginInvokeAction>b__22(IAsyncResult asyncResult)

[2014-08-28 17:23:06]    System.ArgumentException: 对于“WHC.MVCWebMis.Controllers.FuJianController”中方法“System.String Upload(System.Web.HttpPostedFileBase, Int32, System.String)”的不可以为 null 的类型“System.Int32”的参数“XiangMu_ID”，参数字典包含一个 null 项。可选参数必须为引用类型、可以为 null 的类型或声明为可选参数。
参数名: parameters
   在 System.Web.Mvc.ActionDescriptor.ExtractParameterFromDictionary(ParameterInfo parameterInfo, IDictionary`2 parameters, MethodInfo methodInfo)
   在 System.Web.Mvc.ReflectedActionDescriptor.<>c__DisplayClass1.<Execute>b__0(ParameterInfo parameterInfo)
   在 System.Linq.Enumerable.WhereSelectArrayIterator`2.MoveNext()
   在 System.Linq.Buffer`1..ctor(IEnumerable`1 source)
   在 System.Linq.Enumerable.ToArray[TSource](IEnumerable`1 source)
   在 System.Web.Mvc.ReflectedActionDescriptor.Execute(ControllerContext controllerContext, IDictionary`2 parameters)
   在 System.Web.Mvc.ControllerActionInvoker.InvokeActionMethod(ControllerContext controllerContext, ActionDescriptor actionDescriptor, IDictionary`2 parameters)
   在 System.Web.Mvc.Async.AsyncControllerActionInvoker.InvokeSynchronousActionMethod(ControllerContext controllerContext, ActionDescriptor actionDescriptor, IDictionary`2 parameters)
   在 System.Web.Mvc.Async.AsyncControllerActionInvoker.<>c__DisplayClass42.<BeginInvokeSynchronousActionMethod>b__41()
   在 System.Web.Mvc.Async.AsyncResultWrapper.<>c__DisplayClass8`1.<BeginSynchronous>b__7(IAsyncResult _)
   在 System.Web.Mvc.Async.AsyncResultWrapper.WrappedAsyncResult`1.End()
   在 System.Web.Mvc.Async.AsyncResultWrapper.End[TResult](IAsyncResult asyncResult, Object tag)
   在 System.Web.Mvc.Async.AsyncControllerActionInvoker.EndInvokeActionMethod(IAsyncResult asyncResult)
   在 System.Web.Mvc.Async.AsyncControllerActionInvoker.<>c__DisplayClass37.<>c__DisplayClass39.<BeginInvokeActionMethodWithFilters>b__33()
   在 System.Web.Mvc.Async.AsyncControllerActionInvoker.<>c__DisplayClass4f.<InvokeActionMethodFilterAsynchronously>b__49()
   在 System.Web.Mvc.Async.AsyncControllerActionInvoker.<>c__DisplayClass37.<BeginInvokeActionMethodWithFilters>b__36(IAsyncResult asyncResult)
   在 System.Web.Mvc.Async.AsyncResultWrapper.WrappedAsyncResult`1.End()
   在 System.Web.Mvc.Async.AsyncResultWrapper.End[TResult](IAsyncResult asyncResult, Object tag)
   在 System.Web.Mvc.Async.AsyncControllerActionInvoker.EndInvokeActionMethodWithFilters(IAsyncResult asyncResult)
   在 System.Web.Mvc.Async.AsyncControllerActionInvoker.<>c__DisplayClass25.<>c__DisplayClass2a.<BeginInvokeAction>b__20()
   在 System.Web.Mvc.Async.AsyncControllerActionInvoker.<>c__DisplayClass25.<BeginInvokeAction>b__22(IAsyncResult asyncResult)

[2014-08-28 17:23:55]    System.Data.SqlClient.SqlException (0x80131904): 将截断字符串或二进制数据。
语句已终止。
   在 System.Data.SqlClient.SqlConnection.OnError(SqlException exception, Boolean breakConnection, Action`1 wrapCloseInAction)
   在 System.Data.SqlClient.SqlInternalConnection.OnError(SqlException exception, Boolean breakConnection, Action`1 wrapCloseInAction)
   在 System.Data.SqlClient.TdsParser.ThrowExceptionAndWarning(TdsParserStateObject stateObj, Boolean callerHasConnectionLock, Boolean asyncClose)
   在 System.Data.SqlClient.TdsParser.TryRun(RunBehavior runBehavior, SqlCommand cmdHandler, SqlDataReader dataStream, BulkCopySimpleResultSet bulkCopyHandler, TdsParserStateObject stateObj, Boolean& dataReady)
   在 System.Data.SqlClient.SqlCommand.FinishExecuteReader(SqlDataReader ds, RunBehavior runBehavior, String resetOptionsString)
   在 System.Data.SqlClient.SqlCommand.RunExecuteReaderTds(CommandBehavior cmdBehavior, RunBehavior runBehavior, Boolean returnStream, Boolean async, Int32 timeout, Task& task, Boolean asyncWrite, SqlDataReader ds)
   在 System.Data.SqlClient.SqlCommand.RunExecuteReader(CommandBehavior cmdBehavior, RunBehavior runBehavior, Boolean returnStream, String method, TaskCompletionSource`1 completion, Int32 timeout, Task& task, Boolean asyncWrite)
   在 System.Data.SqlClient.SqlCommand.InternalExecuteNonQuery(TaskCompletionSource`1 completion, String methodName, Boolean sendToPipe, Int32 timeout, Boolean asyncWrite)
   在 System.Data.SqlClient.SqlCommand.ExecuteNonQuery()
   在 Microsoft.Practices.EnterpriseLibrary.Data.Database.DoExecuteNonQuery(DbCommand command)
   在 Microsoft.Practices.EnterpriseLibrary.Data.Database.ExecuteNonQuery(DbCommand command)
   在 WHC.Framework.ControlUtil.AbstractBaseDAL`1.Insert(Hashtable recordField, String targetTable, DbTransaction trans) 位置 e:\yhq\WHC.MVCWebMis.Core\ControlUtil\Framework\AbstractBaseDAL.cs:行号 254
   在 WHC.Framework.ControlUtil.AbstractBaseDAL`1.Insert(Hashtable recordField, DbTransaction trans) 位置 e:\yhq\WHC.MVCWebMis.Core\ControlUtil\Framework\AbstractBaseDAL.cs:行号 193
   在 WHC.Framework.ControlUtil.AbstractBaseDAL`1.Insert(T obj, DbTransaction trans) 位置 e:\yhq\WHC.MVCWebMis.Core\ControlUtil\Framework\AbstractBaseDAL.cs:行号 546
   在 WHC.Framework.ControlUtil.AbstractBaseDAL`1.Insert(T obj) 位置 e:\yhq\WHC.MVCWebMis.Core\ControlUtil\Framework\AbstractBaseDAL.cs:行号 532
   在 WHC.Framework.ControlUtil.BaseBLL`1.Insert(T obj) 位置 e:\yhq\WHC.MVCWebMis.Core\ControlUtil\Framework\BaseBLL.cs:行号 145
   在 WHC.MVCWebMis.Controllers.BusinessController`2.Insert(T info) 位置 e:\yhq\MVCWebMis\Controllers\BusinessController.cs:行号 82
   在 lambda_method(Closure , ControllerBase , Object[] )
   在 System.Web.Mvc.ActionMethodDispatcher.Execute(ControllerBase controller, Object[] parameters)
   在 System.Web.Mvc.ReflectedActionDescriptor.Execute(ControllerContext controllerContext, IDictionary`2 parameters)
   在 System.Web.Mvc.ControllerActionInvoker.InvokeActionMethod(ControllerContext controllerContext, ActionDescriptor actionDescriptor, IDictionary`2 parameters)
   在 System.Web.Mvc.Async.AsyncControllerActionInvoker.InvokeSynchronousActionMethod(ControllerContext controllerContext, ActionDescriptor actionDescriptor, IDictionary`2 parameters)
   在 System.Web.Mvc.Async.AsyncControllerActionInvoker.<>c__DisplayClass42.<BeginInvokeSynchronousActionMethod>b__41()
   在 System.Web.Mvc.Async.AsyncResultWrapper.<>c__DisplayClass8`1.<BeginSynchronous>b__7(IAsyncResult _)
   在 System.Web.Mvc.Async.AsyncResultWrapper.WrappedAsyncResult`1.End()
   在 System.Web.Mvc.Async.AsyncResultWrapper.End[TResult](IAsyncResult asyncResult, Object tag)
   在 System.Web.Mvc.Async.AsyncControllerActionInvoker.EndInvokeActionMethod(IAsyncResult asyncResult)
   在 System.Web.Mvc.Async.AsyncControllerActionInvoker.<>c__DisplayClass37.<>c__DisplayClass39.<BeginInvokeActionMethodWithFilters>b__33()
   在 System.Web.Mvc.Async.AsyncControllerActionInvoker.<>c__DisplayClass4f.<InvokeActionMethodFilterAsynchronously>b__49()
   在 System.Web.Mvc.Async.AsyncControllerActionInvoker.<>c__DisplayClass37.<BeginInvokeActionMethodWithFilters>b__36(IAsyncResult asyncResult)
   在 System.Web.Mvc.Async.AsyncResultWrapper.WrappedAsyncResult`1.End()
   在 System.Web.Mvc.Async.AsyncResultWrapper.End[TResult](IAsyncResult asyncResult, Object tag)
   在 System.Web.Mvc.Async.AsyncControllerActionInvoker.EndInvokeActionMethodWithFilters(IAsyncResult asyncResult)
   在 System.Web.Mvc.Async.AsyncControllerActionInvoker.<>c__DisplayClass25.<>c__DisplayClass2a.<BeginInvokeAction>b__20()
   在 System.Web.Mvc.Async.AsyncControllerActionInvoker.<>c__DisplayClass25.<BeginInvokeAction>b__22(IAsyncResult asyncResult)
ClientConnectionId:cf314765-376e-43b6-b36e-e65b2ccef2c1

[2014-08-28 17:24:09]    System.ArgumentException: 对于“WHC.MVCWebMis.Controllers.FuJianController”中方法“System.String Upload(System.Web.HttpPostedFileBase, Int32, System.String)”的不可以为 null 的类型“System.Int32”的参数“XiangMu_ID”，参数字典包含一个 null 项。可选参数必须为引用类型、可以为 null 的类型或声明为可选参数。
参数名: parameters
   在 System.Web.Mvc.ActionDescriptor.ExtractParameterFromDictionary(ParameterInfo parameterInfo, IDictionary`2 parameters, MethodInfo methodInfo)
   在 System.Web.Mvc.ReflectedActionDescriptor.<>c__DisplayClass1.<Execute>b__0(ParameterInfo parameterInfo)
   在 System.Linq.Enumerable.WhereSelectArrayIterator`2.MoveNext()
   在 System.Linq.Buffer`1..ctor(IEnumerable`1 source)
   在 System.Linq.Enumerable.ToArray[TSource](IEnumerable`1 source)
   在 System.Web.Mvc.ReflectedActionDescriptor.Execute(ControllerContext controllerContext, IDictionary`2 parameters)
   在 System.Web.Mvc.ControllerActionInvoker.InvokeActionMethod(ControllerContext controllerContext, ActionDescriptor actionDescriptor, IDictionary`2 parameters)
   在 System.Web.Mvc.Async.AsyncControllerActionInvoker.InvokeSynchronousActionMethod(ControllerContext controllerContext, ActionDescriptor actionDescriptor, IDictionary`2 parameters)
   在 System.Web.Mvc.Async.AsyncControllerActionInvoker.<>c__DisplayClass42.<BeginInvokeSynchronousActionMethod>b__41()
   在 System.Web.Mvc.Async.AsyncResultWrapper.<>c__DisplayClass8`1.<BeginSynchronous>b__7(IAsyncResult _)
   在 System.Web.Mvc.Async.AsyncResultWrapper.WrappedAsyncResult`1.End()
   在 System.Web.Mvc.Async.AsyncResultWrapper.End[TResult](IAsyncResult asyncResult, Object tag)
   在 System.Web.Mvc.Async.AsyncControllerActionInvoker.EndInvokeActionMethod(IAsyncResult asyncResult)
   在 System.Web.Mvc.Async.AsyncControllerActionInvoker.<>c__DisplayClass37.<>c__DisplayClass39.<BeginInvokeActionMethodWithFilters>b__33()
   在 System.Web.Mvc.Async.AsyncControllerActionInvoker.<>c__DisplayClass4f.<InvokeActionMethodFilterAsynchronously>b__49()
   在 System.Web.Mvc.Async.AsyncControllerActionInvoker.<>c__DisplayClass37.<BeginInvokeActionMethodWithFilters>b__36(IAsyncResult asyncResult)
   在 System.Web.Mvc.Async.AsyncResultWrapper.WrappedAsyncResult`1.End()
   在 System.Web.Mvc.Async.AsyncResultWrapper.End[TResult](IAsyncResult asyncResult, Object tag)
   在 System.Web.Mvc.Async.AsyncControllerActionInvoker.EndInvokeActionMethodWithFilters(IAsyncResult asyncResult)
   在 System.Web.Mvc.Async.AsyncControllerActionInvoker.<>c__DisplayClass25.<>c__DisplayClass2a.<BeginInvokeAction>b__20()
   在 System.Web.Mvc.Async.AsyncControllerActionInvoker.<>c__DisplayClass25.<BeginInvokeAction>b__22(IAsyncResult asyncResult)

[2014-08-28 17:27:56]    System.ArgumentException: 对于“WHC.MVCWebMis.Controllers.FuJianController”中方法“System.String Upload(System.Web.HttpPostedFileBase, Int32, System.String)”的不可以为 null 的类型“System.Int32”的参数“XiangMu_ID”，参数字典包含一个 null 项。可选参数必须为引用类型、可以为 null 的类型或声明为可选参数。
参数名: parameters
   在 System.Web.Mvc.ActionDescriptor.ExtractParameterFromDictionary(ParameterInfo parameterInfo, IDictionary`2 parameters, MethodInfo methodInfo)
   在 System.Web.Mvc.ReflectedActionDescriptor.<>c__DisplayClass1.<Execute>b__0(ParameterInfo parameterInfo)
   在 System.Linq.Enumerable.WhereSelectArrayIterator`2.MoveNext()
   在 System.Linq.Buffer`1..ctor(IEnumerable`1 source)
   在 System.Linq.Enumerable.ToArray[TSource](IEnumerable`1 source)
   在 System.Web.Mvc.ReflectedActionDescriptor.Execute(ControllerContext controllerContext, IDictionary`2 parameters)
   在 System.Web.Mvc.ControllerActionInvoker.InvokeActionMethod(ControllerContext controllerContext, ActionDescriptor actionDescriptor, IDictionary`2 parameters)
   在 System.Web.Mvc.Async.AsyncControllerActionInvoker.InvokeSynchronousActionMethod(ControllerContext controllerContext, ActionDescriptor actionDescriptor, IDictionary`2 parameters)
   在 System.Web.Mvc.Async.AsyncControllerActionInvoker.<>c__DisplayClass42.<BeginInvokeSynchronousActionMethod>b__41()
   在 System.Web.Mvc.Async.AsyncResultWrapper.<>c__DisplayClass8`1.<BeginSynchronous>b__7(IAsyncResult _)
   在 System.Web.Mvc.Async.AsyncResultWrapper.WrappedAsyncResult`1.End()
   在 System.Web.Mvc.Async.AsyncResultWrapper.End[TResult](IAsyncResult asyncResult, Object tag)
   在 System.Web.Mvc.Async.AsyncControllerActionInvoker.EndInvokeActionMethod(IAsyncResult asyncResult)
   在 System.Web.Mvc.Async.AsyncControllerActionInvoker.<>c__DisplayClass37.<>c__DisplayClass39.<BeginInvokeActionMethodWithFilters>b__33()
   在 System.Web.Mvc.Async.AsyncControllerActionInvoker.<>c__DisplayClass4f.<InvokeActionMethodFilterAsynchronously>b__49()
   在 System.Web.Mvc.Async.AsyncControllerActionInvoker.<>c__DisplayClass37.<BeginInvokeActionMethodWithFilters>b__36(IAsyncResult asyncResult)
   在 System.Web.Mvc.Async.AsyncResultWrapper.WrappedAsyncResult`1.End()
   在 System.Web.Mvc.Async.AsyncResultWrapper.End[TResult](IAsyncResult asyncResult, Object tag)
   在 System.Web.Mvc.Async.AsyncControllerActionInvoker.EndInvokeActionMethodWithFilters(IAsyncResult asyncResult)
   在 System.Web.Mvc.Async.AsyncControllerActionInvoker.<>c__DisplayClass25.<>c__DisplayClass2a.<BeginInvokeAction>b__20()
   在 System.Web.Mvc.Async.AsyncControllerActionInvoker.<>c__DisplayClass25.<BeginInvokeAction>b__22(IAsyncResult asyncResult)

[2014-08-28 17:30:49]    System.Web.HttpException (0x80004005): 服务器无法在发送 HTTP 标头之后设置内容类型。
   在 System.Web.HttpResponse.set_ContentType(String value)
   在 System.Web.HttpResponseWrapper.set_ContentType(String value)
   在 System.Web.Mvc.JsonResult.ExecuteResult(ControllerContext context)
   在 System.Web.Mvc.ControllerActionInvoker.InvokeActionResult(ControllerContext controllerContext, ActionResult actionResult)
   在 System.Web.Mvc.ControllerActionInvoker.<>c__DisplayClass1a.<InvokeActionResultWithFilters>b__17()
   在 System.Web.Mvc.ControllerActionInvoker.InvokeActionResultFilter(IResultFilter filter, ResultExecutingContext preContext, Func`1 continuation)
   在 System.Web.Mvc.ControllerActionInvoker.<>c__DisplayClass1a.<>c__DisplayClass1c.<InvokeActionResultWithFilters>b__19()
   在 System.Web.Mvc.ControllerActionInvoker.InvokeActionResultWithFilters(ControllerContext controllerContext, IList`1 filters, ActionResult actionResult)
   在 System.Web.Mvc.Async.AsyncControllerActionInvoker.<>c__DisplayClass25.<>c__DisplayClass2a.<BeginInvokeAction>b__20()
   在 System.Web.Mvc.Async.AsyncControllerActionInvoker.<>c__DisplayClass25.<BeginInvokeAction>b__22(IAsyncResult asyncResult)

[2014-08-28 17:30:50]    System.Web.HttpException (0x80004005): 服务器无法在发送 HTTP 标头之后设置内容类型。
   在 System.Web.HttpResponse.set_ContentType(String value)
   在 System.Web.HttpResponseWrapper.set_ContentType(String value)
   在 System.Web.Mvc.JsonResult.ExecuteResult(ControllerContext context)
   在 System.Web.Mvc.ControllerActionInvoker.InvokeActionResult(ControllerContext controllerContext, ActionResult actionResult)
   在 System.Web.Mvc.ControllerActionInvoker.<>c__DisplayClass1a.<InvokeActionResultWithFilters>b__17()
   在 System.Web.Mvc.ControllerActionInvoker.InvokeActionResultFilter(IResultFilter filter, ResultExecutingContext preContext, Func`1 continuation)
   在 System.Web.Mvc.ControllerActionInvoker.<>c__DisplayClass1a.<>c__DisplayClass1c.<InvokeActionResultWithFilters>b__19()
   在 System.Web.Mvc.ControllerActionInvoker.InvokeActionResultWithFilters(ControllerContext controllerContext, IList`1 filters, ActionResult actionResult)
   在 System.Web.Mvc.Async.AsyncControllerActionInvoker.<>c__DisplayClass25.<>c__DisplayClass2a.<BeginInvokeAction>b__20()
   在 System.Web.Mvc.Async.AsyncControllerActionInvoker.<>c__DisplayClass25.<BeginInvokeAction>b__22(IAsyncResult asyncResult)

[2014-08-28 17:30:50]    System.Web.HttpException (0x80004005): 服务器无法在发送 HTTP 标头之后设置内容类型。
   在 System.Web.HttpResponse.set_ContentType(String value)
   在 System.Web.HttpResponseWrapper.set_ContentType(String value)
   在 System.Web.Mvc.JsonResult.ExecuteResult(ControllerContext context)
   在 System.Web.Mvc.ControllerActionInvoker.InvokeActionResult(ControllerContext controllerContext, ActionResult actionResult)
   在 System.Web.Mvc.ControllerActionInvoker.<>c__DisplayClass1a.<InvokeActionResultWithFilters>b__17()
   在 System.Web.Mvc.ControllerActionInvoker.InvokeActionResultFilter(IResultFilter filter, ResultExecutingContext preContext, Func`1 continuation)
   在 System.Web.Mvc.ControllerActionInvoker.<>c__DisplayClass1a.<>c__DisplayClass1c.<InvokeActionResultWithFilters>b__19()
   在 System.Web.Mvc.ControllerActionInvoker.InvokeActionResultWithFilters(ControllerContext controllerContext, IList`1 filters, ActionResult actionResult)
   在 System.Web.Mvc.Async.AsyncControllerActionInvoker.<>c__DisplayClass25.<>c__DisplayClass2a.<BeginInvokeAction>b__20()
   在 System.Web.Mvc.Async.AsyncControllerActionInvoker.<>c__DisplayClass25.<BeginInvokeAction>b__22(IAsyncResult asyncResult)

[2014-08-28 17:30:50]    System.Web.HttpException (0x80004005): 服务器无法在发送 HTTP 标头之后设置内容类型。
   在 System.Web.HttpResponse.set_ContentType(String value)
   在 System.Web.HttpResponseWrapper.set_ContentType(String value)
   在 System.Web.Mvc.JsonResult.ExecuteResult(ControllerContext context)
   在 System.Web.Mvc.ControllerActionInvoker.InvokeActionResult(ControllerContext controllerContext, ActionResult actionResult)
   在 System.Web.Mvc.ControllerActionInvoker.<>c__DisplayClass1a.<InvokeActionResultWithFilters>b__17()
   在 System.Web.Mvc.ControllerActionInvoker.InvokeActionResultFilter(IResultFilter filter, ResultExecutingContext preContext, Func`1 continuation)
   在 System.Web.Mvc.ControllerActionInvoker.<>c__DisplayClass1a.<>c__DisplayClass1c.<InvokeActionResultWithFilters>b__19()
   在 System.Web.Mvc.ControllerActionInvoker.InvokeActionResultWithFilters(ControllerContext controllerContext, IList`1 filters, ActionResult actionResult)
   在 System.Web.Mvc.Async.AsyncControllerActionInvoker.<>c__DisplayClass25.<>c__DisplayClass2a.<BeginInvokeAction>b__20()
   在 System.Web.Mvc.Async.AsyncControllerActionInvoker.<>c__DisplayClass25.<BeginInvokeAction>b__22(IAsyncResult asyncResult)

[2014-08-28 17:31:34]    System.ArgumentException: 对于“WHC.MVCWebMis.Controllers.FuJianController”中方法“System.String Upload(System.Web.HttpPostedFileBase, Int32, System.String)”的不可以为 null 的类型“System.Int32”的参数“XiangMu_ID”，参数字典包含一个 null 项。可选参数必须为引用类型、可以为 null 的类型或声明为可选参数。
参数名: parameters
   在 System.Web.Mvc.ActionDescriptor.ExtractParameterFromDictionary(ParameterInfo parameterInfo, IDictionary`2 parameters, MethodInfo methodInfo)
   在 System.Web.Mvc.ReflectedActionDescriptor.<>c__DisplayClass1.<Execute>b__0(ParameterInfo parameterInfo)
   在 System.Linq.Enumerable.WhereSelectArrayIterator`2.MoveNext()
   在 System.Linq.Buffer`1..ctor(IEnumerable`1 source)
   在 System.Linq.Enumerable.ToArray[TSource](IEnumerable`1 source)
   在 System.Web.Mvc.ReflectedActionDescriptor.Execute(ControllerContext controllerContext, IDictionary`2 parameters)
   在 System.Web.Mvc.ControllerActionInvoker.InvokeActionMethod(ControllerContext controllerContext, ActionDescriptor actionDescriptor, IDictionary`2 parameters)
   在 System.Web.Mvc.Async.AsyncControllerActionInvoker.InvokeSynchronousActionMethod(ControllerContext controllerContext, ActionDescriptor actionDescriptor, IDictionary`2 parameters)
   在 System.Web.Mvc.Async.AsyncControllerActionInvoker.<>c__DisplayClass42.<BeginInvokeSynchronousActionMethod>b__41()
   在 System.Web.Mvc.Async.AsyncResultWrapper.<>c__DisplayClass8`1.<BeginSynchronous>b__7(IAsyncResult _)
   在 System.Web.Mvc.Async.AsyncResultWrapper.WrappedAsyncResult`1.End()
   在 System.Web.Mvc.Async.AsyncResultWrapper.End[TResult](IAsyncResult asyncResult, Object tag)
   在 System.Web.Mvc.Async.AsyncControllerActionInvoker.EndInvokeActionMethod(IAsyncResult asyncResult)
   在 System.Web.Mvc.Async.AsyncControllerActionInvoker.<>c__DisplayClass37.<>c__DisplayClass39.<BeginInvokeActionMethodWithFilters>b__33()
   在 System.Web.Mvc.Async.AsyncControllerActionInvoker.<>c__DisplayClass4f.<InvokeActionMethodFilterAsynchronously>b__49()
   在 System.Web.Mvc.Async.AsyncControllerActionInvoker.<>c__DisplayClass37.<BeginInvokeActionMethodWithFilters>b__36(IAsyncResult asyncResult)
   在 System.Web.Mvc.Async.AsyncResultWrapper.WrappedAsyncResult`1.End()
   在 System.Web.Mvc.Async.AsyncResultWrapper.End[TResult](IAsyncResult asyncResult, Object tag)
   在 System.Web.Mvc.Async.AsyncControllerActionInvoker.EndInvokeActionMethodWithFilters(IAsyncResult asyncResult)
   在 System.Web.Mvc.Async.AsyncControllerActionInvoker.<>c__DisplayClass25.<>c__DisplayClass2a.<BeginInvokeAction>b__20()
   在 System.Web.Mvc.Async.AsyncControllerActionInvoker.<>c__DisplayClass25.<BeginInvokeAction>b__22(IAsyncResult asyncResult)

[2014-08-28 17:34:25]    System.ArgumentException: 对于“WHC.MVCWebMis.Controllers.FuJianController”中方法“System.String Upload(System.Web.HttpPostedFileBase, Int32, System.String)”的不可以为 null 的类型“System.Int32”的参数“XiangMu_ID”，参数字典包含一个 null 项。可选参数必须为引用类型、可以为 null 的类型或声明为可选参数。
参数名: parameters
   在 System.Web.Mvc.ActionDescriptor.ExtractParameterFromDictionary(ParameterInfo parameterInfo, IDictionary`2 parameters, MethodInfo methodInfo)
   在 System.Web.Mvc.ReflectedActionDescriptor.<>c__DisplayClass1.<Execute>b__0(ParameterInfo parameterInfo)
   在 System.Linq.Enumerable.WhereSelectArrayIterator`2.MoveNext()
   在 System.Linq.Buffer`1..ctor(IEnumerable`1 source)
   在 System.Linq.Enumerable.ToArray[TSource](IEnumerable`1 source)
   在 System.Web.Mvc.ReflectedActionDescriptor.Execute(ControllerContext controllerContext, IDictionary`2 parameters)
   在 System.Web.Mvc.ControllerActionInvoker.InvokeActionMethod(ControllerContext controllerContext, ActionDescriptor actionDescriptor, IDictionary`2 parameters)
   在 System.Web.Mvc.Async.AsyncControllerActionInvoker.InvokeSynchronousActionMethod(ControllerContext controllerContext, ActionDescriptor actionDescriptor, IDictionary`2 parameters)
   在 System.Web.Mvc.Async.AsyncControllerActionInvoker.<>c__DisplayClass42.<BeginInvokeSynchronousActionMethod>b__41()
   在 System.Web.Mvc.Async.AsyncResultWrapper.<>c__DisplayClass8`1.<BeginSynchronous>b__7(IAsyncResult _)
   在 System.Web.Mvc.Async.AsyncResultWrapper.WrappedAsyncResult`1.End()
   在 System.Web.Mvc.Async.AsyncResultWrapper.End[TResult](IAsyncResult asyncResult, Object tag)
   在 System.Web.Mvc.Async.AsyncControllerActionInvoker.EndInvokeActionMethod(IAsyncResult asyncResult)
   在 System.Web.Mvc.Async.AsyncControllerActionInvoker.<>c__DisplayClass37.<>c__DisplayClass39.<BeginInvokeActionMethodWithFilters>b__33()
   在 System.Web.Mvc.Async.AsyncControllerActionInvoker.<>c__DisplayClass4f.<InvokeActionMethodFilterAsynchronously>b__49()
   在 System.Web.Mvc.Async.AsyncControllerActionInvoker.<>c__DisplayClass37.<BeginInvokeActionMethodWithFilters>b__36(IAsyncResult asyncResult)
   在 System.Web.Mvc.Async.AsyncResultWrapper.WrappedAsyncResult`1.End()
   在 System.Web.Mvc.Async.AsyncResultWrapper.End[TResult](IAsyncResult asyncResult, Object tag)
   在 System.Web.Mvc.Async.AsyncControllerActionInvoker.EndInvokeActionMethodWithFilters(IAsyncResult asyncResult)
   在 System.Web.Mvc.Async.AsyncControllerActionInvoker.<>c__DisplayClass25.<>c__DisplayClass2a.<BeginInvokeAction>b__20()
   在 System.Web.Mvc.Async.AsyncControllerActionInvoker.<>c__DisplayClass25.<BeginInvokeAction>b__22(IAsyncResult asyncResult)

[2014-08-28 17:36:14]    System.ArgumentException: 对于“WHC.MVCWebMis.Controllers.FuJianController”中方法“System.String Upload(System.Web.HttpPostedFileBase, Int32, System.String)”的不可以为 null 的类型“System.Int32”的参数“XiangMu_ID”，参数字典包含一个 null 项。可选参数必须为引用类型、可以为 null 的类型或声明为可选参数。
参数名: parameters
   在 System.Web.Mvc.ActionDescriptor.ExtractParameterFromDictionary(ParameterInfo parameterInfo, IDictionary`2 parameters, MethodInfo methodInfo)
   在 System.Web.Mvc.ReflectedActionDescriptor.<>c__DisplayClass1.<Execute>b__0(ParameterInfo parameterInfo)
   在 System.Linq.Enumerable.WhereSelectArrayIterator`2.MoveNext()
   在 System.Linq.Buffer`1..ctor(IEnumerable`1 source)
   在 System.Linq.Enumerable.ToArray[TSource](IEnumerable`1 source)
   在 System.Web.Mvc.ReflectedActionDescriptor.Execute(ControllerContext controllerContext, IDictionary`2 parameters)
   在 System.Web.Mvc.ControllerActionInvoker.InvokeActionMethod(ControllerContext controllerContext, ActionDescriptor actionDescriptor, IDictionary`2 parameters)
   在 System.Web.Mvc.Async.AsyncControllerActionInvoker.InvokeSynchronousActionMethod(ControllerContext controllerContext, ActionDescriptor actionDescriptor, IDictionary`2 parameters)
   在 System.Web.Mvc.Async.AsyncControllerActionInvoker.<>c__DisplayClass42.<BeginInvokeSynchronousActionMethod>b__41()
   在 System.Web.Mvc.Async.AsyncResultWrapper.<>c__DisplayClass8`1.<BeginSynchronous>b__7(IAsyncResult _)
   在 System.Web.Mvc.Async.AsyncResultWrapper.WrappedAsyncResult`1.End()
   在 System.Web.Mvc.Async.AsyncResultWrapper.End[TResult](IAsyncResult asyncResult, Object tag)
   在 System.Web.Mvc.Async.AsyncControllerActionInvoker.EndInvokeActionMethod(IAsyncResult asyncResult)
   在 System.Web.Mvc.Async.AsyncControllerActionInvoker.<>c__DisplayClass37.<>c__DisplayClass39.<BeginInvokeActionMethodWithFilters>b__33()
   在 System.Web.Mvc.Async.AsyncControllerActionInvoker.<>c__DisplayClass4f.<InvokeActionMethodFilterAsynchronously>b__49()
   在 System.Web.Mvc.Async.AsyncControllerActionInvoker.<>c__DisplayClass37.<BeginInvokeActionMethodWithFilters>b__36(IAsyncResult asyncResult)
   在 System.Web.Mvc.Async.AsyncResultWrapper.WrappedAsyncResult`1.End()
   在 System.Web.Mvc.Async.AsyncResultWrapper.End[TResult](IAsyncResult asyncResult, Object tag)
   在 System.Web.Mvc.Async.AsyncControllerActionInvoker.EndInvokeActionMethodWithFilters(IAsyncResult asyncResult)
   在 System.Web.Mvc.Async.AsyncControllerActionInvoker.<>c__DisplayClass25.<>c__DisplayClass2a.<BeginInvokeAction>b__20()
   在 System.Web.Mvc.Async.AsyncControllerActionInvoker.<>c__DisplayClass25.<BeginInvokeAction>b__22(IAsyncResult asyncResult)

[2014-08-28 17:37:38]    System.ArgumentException: 对于“WHC.MVCWebMis.Controllers.FuJianController”中方法“System.String Upload(System.Web.HttpPostedFileBase, Int32, System.String)”的不可以为 null 的类型“System.Int32”的参数“XiangMu_ID”，参数字典包含一个 null 项。可选参数必须为引用类型、可以为 null 的类型或声明为可选参数。
参数名: parameters
   在 System.Web.Mvc.ActionDescriptor.ExtractParameterFromDictionary(ParameterInfo parameterInfo, IDictionary`2 parameters, MethodInfo methodInfo)
   在 System.Web.Mvc.ReflectedActionDescriptor.<>c__DisplayClass1.<Execute>b__0(ParameterInfo parameterInfo)
   在 System.Linq.Enumerable.WhereSelectArrayIterator`2.MoveNext()
   在 System.Linq.Buffer`1..ctor(IEnumerable`1 source)
   在 System.Linq.Enumerable.ToArray[TSource](IEnumerable`1 source)
   在 System.Web.Mvc.ReflectedActionDescriptor.Execute(ControllerContext controllerContext, IDictionary`2 parameters)
   在 System.Web.Mvc.ControllerActionInvoker.InvokeActionMethod(ControllerContext controllerContext, ActionDescriptor actionDescriptor, IDictionary`2 parameters)
   在 System.Web.Mvc.Async.AsyncControllerActionInvoker.InvokeSynchronousActionMethod(ControllerContext controllerContext, ActionDescriptor actionDescriptor, IDictionary`2 parameters)
   在 System.Web.Mvc.Async.AsyncControllerActionInvoker.<>c__DisplayClass42.<BeginInvokeSynchronousActionMethod>b__41()
   在 System.Web.Mvc.Async.AsyncResultWrapper.<>c__DisplayClass8`1.<BeginSynchronous>b__7(IAsyncResult _)
   在 System.Web.Mvc.Async.AsyncResultWrapper.WrappedAsyncResult`1.End()
   在 System.Web.Mvc.Async.AsyncResultWrapper.End[TResult](IAsyncResult asyncResult, Object tag)
   在 System.Web.Mvc.Async.AsyncControllerActionInvoker.EndInvokeActionMethod(IAsyncResult asyncResult)
   在 System.Web.Mvc.Async.AsyncControllerActionInvoker.<>c__DisplayClass37.<>c__DisplayClass39.<BeginInvokeActionMethodWithFilters>b__33()
   在 System.Web.Mvc.Async.AsyncControllerActionInvoker.<>c__DisplayClass4f.<InvokeActionMethodFilterAsynchronously>b__49()
   在 System.Web.Mvc.Async.AsyncControllerActionInvoker.<>c__DisplayClass37.<BeginInvokeActionMethodWithFilters>b__36(IAsyncResult asyncResult)
   在 System.Web.Mvc.Async.AsyncResultWrapper.WrappedAsyncResult`1.End()
   在 System.Web.Mvc.Async.AsyncResultWrapper.End[TResult](IAsyncResult asyncResult, Object tag)
   在 System.Web.Mvc.Async.AsyncControllerActionInvoker.EndInvokeActionMethodWithFilters(IAsyncResult asyncResult)
   在 System.Web.Mvc.Async.AsyncControllerActionInvoker.<>c__DisplayClass25.<>c__DisplayClass2a.<BeginInvokeAction>b__20()
   在 System.Web.Mvc.Async.AsyncControllerActionInvoker.<>c__DisplayClass25.<BeginInvokeAction>b__22(IAsyncResult asyncResult)

[2014-08-28 17:38:46]    System.ArgumentException: 对于“WHC.MVCWebMis.Controllers.FuJianController”中方法“System.String Upload(System.Web.HttpPostedFileBase, Int32, System.String)”的不可以为 null 的类型“System.Int32”的参数“XiangMu_ID”，参数字典包含一个 null 项。可选参数必须为引用类型、可以为 null 的类型或声明为可选参数。
参数名: parameters
   在 System.Web.Mvc.ActionDescriptor.ExtractParameterFromDictionary(ParameterInfo parameterInfo, IDictionary`2 parameters, MethodInfo methodInfo)
   在 System.Web.Mvc.ReflectedActionDescriptor.<>c__DisplayClass1.<Execute>b__0(ParameterInfo parameterInfo)
   在 System.Linq.Enumerable.WhereSelectArrayIterator`2.MoveNext()
   在 System.Linq.Buffer`1..ctor(IEnumerable`1 source)
   在 System.Linq.Enumerable.ToArray[TSource](IEnumerable`1 source)
   在 System.Web.Mvc.ReflectedActionDescriptor.Execute(ControllerContext controllerContext, IDictionary`2 parameters)
   在 System.Web.Mvc.ControllerActionInvoker.InvokeActionMethod(ControllerContext controllerContext, ActionDescriptor actionDescriptor, IDictionary`2 parameters)
   在 System.Web.Mvc.Async.AsyncControllerActionInvoker.InvokeSynchronousActionMethod(ControllerContext controllerContext, ActionDescriptor actionDescriptor, IDictionary`2 parameters)
   在 System.Web.Mvc.Async.AsyncControllerActionInvoker.<>c__DisplayClass42.<BeginInvokeSynchronousActionMethod>b__41()
   在 System.Web.Mvc.Async.AsyncResultWrapper.<>c__DisplayClass8`1.<BeginSynchronous>b__7(IAsyncResult _)
   在 System.Web.Mvc.Async.AsyncResultWrapper.WrappedAsyncResult`1.End()
   在 System.Web.Mvc.Async.AsyncResultWrapper.End[TResult](IAsyncResult asyncResult, Object tag)
   在 System.Web.Mvc.Async.AsyncControllerActionInvoker.EndInvokeActionMethod(IAsyncResult asyncResult)
   在 System.Web.Mvc.Async.AsyncControllerActionInvoker.<>c__DisplayClass37.<>c__DisplayClass39.<BeginInvokeActionMethodWithFilters>b__33()
   在 System.Web.Mvc.Async.AsyncControllerActionInvoker.<>c__DisplayClass4f.<InvokeActionMethodFilterAsynchronously>b__49()
   在 System.Web.Mvc.Async.AsyncControllerActionInvoker.<>c__DisplayClass37.<BeginInvokeActionMethodWithFilters>b__36(IAsyncResult asyncResult)
   在 System.Web.Mvc.Async.AsyncResultWrapper.WrappedAsyncResult`1.End()
   在 System.Web.Mvc.Async.AsyncResultWrapper.End[TResult](IAsyncResult asyncResult, Object tag)
   在 System.Web.Mvc.Async.AsyncControllerActionInvoker.EndInvokeActionMethodWithFilters(IAsyncResult asyncResult)
   在 System.Web.Mvc.Async.AsyncControllerActionInvoker.<>c__DisplayClass25.<>c__DisplayClass2a.<BeginInvokeAction>b__20()
   在 System.Web.Mvc.Async.AsyncControllerActionInvoker.<>c__DisplayClass25.<BeginInvokeAction>b__22(IAsyncResult asyncResult)

[2014-08-28 17:43:32]    System.Data.SqlClient.SqlException (0x80131904): 参数化查询 '(@QiYeDaoShi_Id int,@XueYuanShenPi bit,@HuoJiangJiBie nvarchar(2' 需要参数 '@HuoJiangMingCheng'，但未提供该参数。
   在 System.Data.SqlClient.SqlConnection.OnError(SqlException exception, Boolean breakConnection, Action`1 wrapCloseInAction)
   在 System.Data.SqlClient.SqlInternalConnection.OnError(SqlException exception, Boolean breakConnection, Action`1 wrapCloseInAction)
   在 System.Data.SqlClient.TdsParser.ThrowExceptionAndWarning(TdsParserStateObject stateObj, Boolean callerHasConnectionLock, Boolean asyncClose)
   在 System.Data.SqlClient.TdsParser.TryRun(RunBehavior runBehavior, SqlCommand cmdHandler, SqlDataReader dataStream, BulkCopySimpleResultSet bulkCopyHandler, TdsParserStateObject stateObj, Boolean& dataReady)
   在 System.Data.SqlClient.SqlDataReader.TryConsumeMetaData()
   在 System.Data.SqlClient.SqlDataReader.get_MetaData()
   在 System.Data.SqlClient.SqlCommand.FinishExecuteReader(SqlDataReader ds, RunBehavior runBehavior, String resetOptionsString)
   在 System.Data.SqlClient.SqlCommand.RunExecuteReaderTds(CommandBehavior cmdBehavior, RunBehavior runBehavior, Boolean returnStream, Boolean async, Int32 timeout, Task& task, Boolean asyncWrite, SqlDataReader ds)
   在 System.Data.SqlClient.SqlCommand.RunExecuteReader(CommandBehavior cmdBehavior, RunBehavior runBehavior, Boolean returnStream, String method, TaskCompletionSource`1 completion, Int32 timeout, Task& task, Boolean asyncWrite)
   在 System.Data.SqlClient.SqlCommand.RunExecuteReader(CommandBehavior cmdBehavior, RunBehavior runBehavior, Boolean returnStream, String method)
   在 System.Data.SqlClient.SqlCommand.ExecuteScalar()
   在 Microsoft.Practices.EnterpriseLibrary.Data.Database.DoExecuteScalar(DbCommand command)
   在 Microsoft.Practices.EnterpriseLibrary.Data.Database.ExecuteScalar(DbCommand command)
   在 WHC.Framework.ControlUtil.BaseDALSQL`1.Insert2(Hashtable recordField, String targetTable, DbTransaction trans) 位置 e:\yhq\WHC.MVCWebMis.Core\ControlUtil\Framework\BaseDAL\BaseDALSQL.cs:行号 90
   在 WHC.Framework.ControlUtil.AbstractBaseDAL`1.Insert2(Hashtable recordField, DbTransaction trans) 位置 e:\yhq\WHC.MVCWebMis.Core\ControlUtil\Framework\AbstractBaseDAL.cs:行号 203
   在 WHC.Framework.ControlUtil.AbstractBaseDAL`1.Insert2(T obj) 位置 e:\yhq\WHC.MVCWebMis.Core\ControlUtil\Framework\AbstractBaseDAL.cs:行号 559
   在 WHC.Framework.ControlUtil.BaseBLL`1.Insert2(T obj) 位置 e:\yhq\WHC.MVCWebMis.Core\ControlUtil\Framework\BaseBLL.cs:行号 168
   在 WHC.MVCWebMis.Controllers.BusinessController`2.Insert2(T info) 位置 e:\yhq\MVCWebMis\Controllers\BusinessController.cs:行号 100
   在 lambda_method(Closure , ControllerBase , Object[] )
   在 System.Web.Mvc.ActionMethodDispatcher.Execute(ControllerBase controller, Object[] parameters)
   在 System.Web.Mvc.ReflectedActionDescriptor.Execute(ControllerContext controllerContext, IDictionary`2 parameters)
   在 System.Web.Mvc.ControllerActionInvoker.InvokeActionMethod(ControllerContext controllerContext, ActionDescriptor actionDescriptor, IDictionary`2 parameters)
   在 System.Web.Mvc.Async.AsyncControllerActionInvoker.InvokeSynchronousActionMethod(ControllerContext controllerContext, ActionDescriptor actionDescriptor, IDictionary`2 parameters)
   在 System.Web.Mvc.Async.AsyncControllerActionInvoker.<>c__DisplayClass42.<BeginInvokeSynchronousActionMethod>b__41()
   在 System.Web.Mvc.Async.AsyncResultWrapper.<>c__DisplayClass8`1.<BeginSynchronous>b__7(IAsyncResult _)
   在 System.Web.Mvc.Async.AsyncResultWrapper.WrappedAsyncResult`1.End()
   在 System.Web.Mvc.Async.AsyncResultWrapper.End[TResult](IAsyncResult asyncResult, Object tag)
   在 System.Web.Mvc.Async.AsyncControllerActionInvoker.EndInvokeActionMethod(IAsyncResult asyncResult)
   在 System.Web.Mvc.Async.AsyncControllerActionInvoker.<>c__DisplayClass37.<>c__DisplayClass39.<BeginInvokeActionMethodWithFilters>b__33()
   在 System.Web.Mvc.Async.AsyncControllerActionInvoker.<>c__DisplayClass4f.<InvokeActionMethodFilterAsynchronously>b__49()
   在 System.Web.Mvc.Async.AsyncControllerActionInvoker.<>c__DisplayClass37.<BeginInvokeActionMethodWithFilters>b__36(IAsyncResult asyncResult)
   在 System.Web.Mvc.Async.AsyncResultWrapper.WrappedAsyncResult`1.End()
   在 System.Web.Mvc.Async.AsyncResultWrapper.End[TResult](IAsyncResult asyncResult, Object tag)
   在 System.Web.Mvc.Async.AsyncControllerActionInvoker.EndInvokeActionMethodWithFilters(IAsyncResult asyncResult)
   在 System.Web.Mvc.Async.AsyncControllerActionInvoker.<>c__DisplayClass25.<>c__DisplayClass2a.<BeginInvokeAction>b__20()
   在 System.Web.Mvc.Async.AsyncControllerActionInvoker.<>c__DisplayClass25.<BeginInvokeAction>b__22(IAsyncResult asyncResult)
ClientConnectionId:6d555d00-bba6-467f-ad46-9fa20e7a9a09

[2014-08-28 17:45:39]    System.Data.SqlClient.SqlException (0x80131904): 参数化查询 '(@QiYeDaoShi_Id int,@XueYuanShenPi bit,@HuoJiangJiBie nvarchar(1' 需要参数 '@HuoJiangMingCheng'，但未提供该参数。
   在 System.Data.SqlClient.SqlConnection.OnError(SqlException exception, Boolean breakConnection, Action`1 wrapCloseInAction)
   在 System.Data.SqlClient.SqlInternalConnection.OnError(SqlException exception, Boolean breakConnection, Action`1 wrapCloseInAction)
   在 System.Data.SqlClient.TdsParser.ThrowExceptionAndWarning(TdsParserStateObject stateObj, Boolean callerHasConnectionLock, Boolean asyncClose)
   在 System.Data.SqlClient.TdsParser.TryRun(RunBehavior runBehavior, SqlCommand cmdHandler, SqlDataReader dataStream, BulkCopySimpleResultSet bulkCopyHandler, TdsParserStateObject stateObj, Boolean& dataReady)
   在 System.Data.SqlClient.SqlDataReader.TryConsumeMetaData()
   在 System.Data.SqlClient.SqlDataReader.get_MetaData()
   在 System.Data.SqlClient.SqlCommand.FinishExecuteReader(SqlDataReader ds, RunBehavior runBehavior, String resetOptionsString)
   在 System.Data.SqlClient.SqlCommand.RunExecuteReaderTds(CommandBehavior cmdBehavior, RunBehavior runBehavior, Boolean returnStream, Boolean async, Int32 timeout, Task& task, Boolean asyncWrite, SqlDataReader ds)
   在 System.Data.SqlClient.SqlCommand.RunExecuteReader(CommandBehavior cmdBehavior, RunBehavior runBehavior, Boolean returnStream, String method, TaskCompletionSource`1 completion, Int32 timeout, Task& task, Boolean asyncWrite)
   在 System.Data.SqlClient.SqlCommand.RunExecuteReader(CommandBehavior cmdBehavior, RunBehavior runBehavior, Boolean returnStream, String method)
   在 System.Data.SqlClient.SqlCommand.ExecuteScalar()
   在 Microsoft.Practices.EnterpriseLibrary.Data.Database.DoExecuteScalar(DbCommand command)
   在 Microsoft.Practices.EnterpriseLibrary.Data.Database.ExecuteScalar(DbCommand command)
   在 WHC.Framework.ControlUtil.BaseDALSQL`1.Insert2(Hashtable recordField, String targetTable, DbTransaction trans) 位置 e:\yhq\WHC.MVCWebMis.Core\ControlUtil\Framework\BaseDAL\BaseDALSQL.cs:行号 90
   在 WHC.Framework.ControlUtil.AbstractBaseDAL`1.Insert2(Hashtable recordField, DbTransaction trans) 位置 e:\yhq\WHC.MVCWebMis.Core\ControlUtil\Framework\AbstractBaseDAL.cs:行号 203
   在 WHC.Framework.ControlUtil.AbstractBaseDAL`1.Insert2(T obj) 位置 e:\yhq\WHC.MVCWebMis.Core\ControlUtil\Framework\AbstractBaseDAL.cs:行号 559
   在 WHC.Framework.ControlUtil.BaseBLL`1.Insert2(T obj) 位置 e:\yhq\WHC.MVCWebMis.Core\ControlUtil\Framework\BaseBLL.cs:行号 168
   在 WHC.MVCWebMis.Controllers.BusinessController`2.Insert2(T info) 位置 e:\yhq\MVCWebMis\Controllers\BusinessController.cs:行号 100
   在 lambda_method(Closure , ControllerBase , Object[] )
   在 System.Web.Mvc.ActionMethodDispatcher.Execute(ControllerBase controller, Object[] parameters)
   在 System.Web.Mvc.ReflectedActionDescriptor.Execute(ControllerContext controllerContext, IDictionary`2 parameters)
   在 System.Web.Mvc.ControllerActionInvoker.InvokeActionMethod(ControllerContext controllerContext, ActionDescriptor actionDescriptor, IDictionary`2 parameters)
   在 System.Web.Mvc.Async.AsyncControllerActionInvoker.InvokeSynchronousActionMethod(ControllerContext controllerContext, ActionDescriptor actionDescriptor, IDictionary`2 parameters)
   在 System.Web.Mvc.Async.AsyncControllerActionInvoker.<>c__DisplayClass42.<BeginInvokeSynchronousActionMethod>b__41()
   在 System.Web.Mvc.Async.AsyncResultWrapper.<>c__DisplayClass8`1.<BeginSynchronous>b__7(IAsyncResult _)
   在 System.Web.Mvc.Async.AsyncResultWrapper.WrappedAsyncResult`1.End()
   在 System.Web.Mvc.Async.AsyncResultWrapper.End[TResult](IAsyncResult asyncResult, Object tag)
   在 System.Web.Mvc.Async.AsyncControllerActionInvoker.EndInvokeActionMethod(IAsyncResult asyncResult)
   在 System.Web.Mvc.Async.AsyncControllerActionInvoker.<>c__DisplayClass37.<>c__DisplayClass39.<BeginInvokeActionMethodWithFilters>b__33()
   在 System.Web.Mvc.Async.AsyncControllerActionInvoker.<>c__DisplayClass4f.<InvokeActionMethodFilterAsynchronously>b__49()
   在 System.Web.Mvc.Async.AsyncControllerActionInvoker.<>c__DisplayClass37.<BeginInvokeActionMethodWithFilters>b__36(IAsyncResult asyncResult)
   在 System.Web.Mvc.Async.AsyncResultWrapper.WrappedAsyncResult`1.End()
   在 System.Web.Mvc.Async.AsyncResultWrapper.End[TResult](IAsyncResult asyncResult, Object tag)
   在 System.Web.Mvc.Async.AsyncControllerActionInvoker.EndInvokeActionMethodWithFilters(IAsyncResult asyncResult)
   在 System.Web.Mvc.Async.AsyncControllerActionInvoker.<>c__DisplayClass25.<>c__DisplayClass2a.<BeginInvokeAction>b__20()
   在 System.Web.Mvc.Async.AsyncControllerActionInvoker.<>c__DisplayClass25.<BeginInvokeAction>b__22(IAsyncResult asyncResult)
ClientConnectionId:6d555d00-bba6-467f-ad46-9fa20e7a9a09

[2014-08-28 17:48:06]    System.Data.SqlClient.SqlException (0x80131904): 参数化查询 '(@QiYeDaoShi_Id int,@XueYuanShenPi bit,@HuoJiangJiBie nvarchar(1' 需要参数 '@HuoJiangMingCheng'，但未提供该参数。
   在 System.Data.SqlClient.SqlConnection.OnError(SqlException exception, Boolean breakConnection, Action`1 wrapCloseInAction)
   在 System.Data.SqlClient.SqlInternalConnection.OnError(SqlException exception, Boolean breakConnection, Action`1 wrapCloseInAction)
   在 System.Data.SqlClient.TdsParser.ThrowExceptionAndWarning(TdsParserStateObject stateObj, Boolean callerHasConnectionLock, Boolean asyncClose)
   在 System.Data.SqlClient.TdsParser.TryRun(RunBehavior runBehavior, SqlCommand cmdHandler, SqlDataReader dataStream, BulkCopySimpleResultSet bulkCopyHandler, TdsParserStateObject stateObj, Boolean& dataReady)
   在 System.Data.SqlClient.SqlDataReader.TryConsumeMetaData()
   在 System.Data.SqlClient.SqlDataReader.get_MetaData()
   在 System.Data.SqlClient.SqlCommand.FinishExecuteReader(SqlDataReader ds, RunBehavior runBehavior, String resetOptionsString)
   在 System.Data.SqlClient.SqlCommand.RunExecuteReaderTds(CommandBehavior cmdBehavior, RunBehavior runBehavior, Boolean returnStream, Boolean async, Int32 timeout, Task& task, Boolean asyncWrite, SqlDataReader ds)
   在 System.Data.SqlClient.SqlCommand.RunExecuteReader(CommandBehavior cmdBehavior, RunBehavior runBehavior, Boolean returnStream, String method, TaskCompletionSource`1 completion, Int32 timeout, Task& task, Boolean asyncWrite)
   在 System.Data.SqlClient.SqlCommand.RunExecuteReader(CommandBehavior cmdBehavior, RunBehavior runBehavior, Boolean returnStream, String method)
   在 System.Data.SqlClient.SqlCommand.ExecuteScalar()
   在 Microsoft.Practices.EnterpriseLibrary.Data.Database.DoExecuteScalar(DbCommand command)
   在 Microsoft.Practices.EnterpriseLibrary.Data.Database.ExecuteScalar(DbCommand command)
   在 WHC.Framework.ControlUtil.BaseDALSQL`1.Insert2(Hashtable recordField, String targetTable, DbTransaction trans) 位置 e:\yhq\WHC.MVCWebMis.Core\ControlUtil\Framework\BaseDAL\BaseDALSQL.cs:行号 90
   在 WHC.Framework.ControlUtil.AbstractBaseDAL`1.Insert2(Hashtable recordField, DbTransaction trans) 位置 e:\yhq\WHC.MVCWebMis.Core\ControlUtil\Framework\AbstractBaseDAL.cs:行号 203
   在 WHC.Framework.ControlUtil.AbstractBaseDAL`1.Insert2(T obj) 位置 e:\yhq\WHC.MVCWebMis.Core\ControlUtil\Framework\AbstractBaseDAL.cs:行号 559
   在 WHC.Framework.ControlUtil.BaseBLL`1.Insert2(T obj) 位置 e:\yhq\WHC.MVCWebMis.Core\ControlUtil\Framework\BaseBLL.cs:行号 168
   在 WHC.MVCWebMis.Controllers.BusinessController`2.Insert2(T info) 位置 e:\yhq\MVCWebMis\Controllers\BusinessController.cs:行号 100
   在 lambda_method(Closure , ControllerBase , Object[] )
   在 System.Web.Mvc.ActionMethodDispatcher.Execute(ControllerBase controller, Object[] parameters)
   在 System.Web.Mvc.ReflectedActionDescriptor.Execute(ControllerContext controllerContext, IDictionary`2 parameters)
   在 System.Web.Mvc.ControllerActionInvoker.InvokeActionMethod(ControllerContext controllerContext, ActionDescriptor actionDescriptor, IDictionary`2 parameters)
   在 System.Web.Mvc.Async.AsyncControllerActionInvoker.InvokeSynchronousActionMethod(ControllerContext controllerContext, ActionDescriptor actionDescriptor, IDictionary`2 parameters)
   在 System.Web.Mvc.Async.AsyncControllerActionInvoker.<>c__DisplayClass42.<BeginInvokeSynchronousActionMethod>b__41()
   在 System.Web.Mvc.Async.AsyncResultWrapper.<>c__DisplayClass8`1.<BeginSynchronous>b__7(IAsyncResult _)
   在 System.Web.Mvc.Async.AsyncResultWrapper.WrappedAsyncResult`1.End()
   在 System.Web.Mvc.Async.AsyncResultWrapper.End[TResult](IAsyncResult asyncResult, Object tag)
   在 System.Web.Mvc.Async.AsyncControllerActionInvoker.EndInvokeActionMethod(IAsyncResult asyncResult)
   在 System.Web.Mvc.Async.AsyncControllerActionInvoker.<>c__DisplayClass37.<>c__DisplayClass39.<BeginInvokeActionMethodWithFilters>b__33()
   在 System.Web.Mvc.Async.AsyncControllerActionInvoker.<>c__DisplayClass4f.<InvokeActionMethodFilterAsynchronously>b__49()
   在 System.Web.Mvc.Async.AsyncControllerActionInvoker.<>c__DisplayClass37.<BeginInvokeActionMethodWithFilters>b__36(IAsyncResult asyncResult)
   在 System.Web.Mvc.Async.AsyncResultWrapper.WrappedAsyncResult`1.End()
   在 System.Web.Mvc.Async.AsyncResultWrapper.End[TResult](IAsyncResult asyncResult, Object tag)
   在 System.Web.Mvc.Async.AsyncControllerActionInvoker.EndInvokeActionMethodWithFilters(IAsyncResult asyncResult)
   在 System.Web.Mvc.Async.AsyncControllerActionInvoker.<>c__DisplayClass25.<>c__DisplayClass2a.<BeginInvokeAction>b__20()
   在 System.Web.Mvc.Async.AsyncControllerActionInvoker.<>c__DisplayClass25.<BeginInvokeAction>b__22(IAsyncResult asyncResult)
ClientConnectionId:6d555d00-bba6-467f-ad46-9fa20e7a9a09

